2023/11/20 17:31:33 [notice] 1#1: using the "epoll" event method
2023/11/20 17:31:33 [notice] 1#1: nginx/1.25.3
2023/11/20 17:31:33 [notice] 1#1: built by gcc 12.2.1 20220924 (Alpine 12.2.1_git20220924-r10) 
2023/11/20 17:31:33 [notice] 1#1: OS: Linux 5.15.0-88-generic
2023/11/20 17:31:33 [notice] 1#1: getrlimit(RLIMIT_NOFILE): 1048576:1048576
2023/11/20 17:31:33 [notice] 1#1: start worker processes
2023/11/20 17:31:33 [notice] 1#1: start worker process 29
2023/11/20 17:31:33 [notice] 1#1: start worker process 30
2023/11/20 17:31:33 [notice] 1#1: start worker process 31
2023/11/20 17:31:33 [notice] 1#1: start worker process 32
2023/11/20 17:31:33 [notice] 1#1: start worker process 33
2023/11/20 17:31:33 [notice] 1#1: start worker process 34
2023/11/20 17:31:33 [notice] 1#1: start worker process 35
2023/11/20 17:31:33 [notice] 1#1: start worker process 36
2023/11/20 17:36:18 [notice] 1#1: signal 3 (SIGQUIT) received, shutting down
2023/11/20 17:36:18 [notice] 29#29: gracefully shutting down
2023/11/20 17:36:18 [notice] 31#31: gracefully shutting down
2023/11/20 17:36:18 [notice] 29#29: exiting
2023/11/20 17:36:18 [notice] 34#34: gracefully shutting down
2023/11/20 17:36:18 [notice] 31#31: exiting
2023/11/20 17:36:18 [notice] 34#34: exiting
2023/11/20 17:36:18 [notice] 33#33: gracefully shutting down
2023/11/20 17:36:18 [notice] 33#33: exiting
2023/11/20 17:36:18 [notice] 34#34: exit
2023/11/20 17:36:18 [notice] 31#31: exit
2023/11/20 17:36:18 [notice] 29#29: exit
2023/11/20 17:36:18 [notice] 33#33: exit
2023/11/20 17:36:18 [notice] 35#35: gracefully shutting down
2023/11/20 17:36:18 [notice] 35#35: exiting
2023/11/20 17:36:18 [notice] 35#35: exit
2023/11/20 17:36:18 [notice] 32#32: gracefully shutting down
2023/11/20 17:36:18 [notice] 32#32: exiting
2023/11/20 17:36:18 [notice] 36#36: gracefully shutting down
2023/11/20 17:36:18 [notice] 36#36: exiting
2023/11/20 17:36:18 [notice] 32#32: exit
2023/11/20 17:36:18 [notice] 36#36: exit
2023/11/20 17:36:18 [notice] 30#30: gracefully shutting down
2023/11/20 17:36:18 [notice] 30#30: exiting
2023/11/20 17:36:18 [notice] 30#30: exit
2023/11/20 17:36:18 [notice] 1#1: signal 17 (SIGCHLD) received from 31
2023/11/20 17:36:18 [notice] 1#1: worker process 31 exited with code 0
2023/11/20 17:36:18 [notice] 1#1: signal 29 (SIGIO) received
2023/11/20 17:36:18 [notice] 1#1: signal 17 (SIGCHLD) received from 33
2023/11/20 17:36:18 [notice] 1#1: worker process 33 exited with code 0
2023/11/20 17:36:18 [notice] 1#1: worker process 34 exited with code 0
2023/11/20 17:36:18 [notice] 1#1: worker process 35 exited with code 0
2023/11/20 17:36:18 [notice] 1#1: worker process 36 exited with code 0
2023/11/20 17:36:18 [notice] 1#1: signal 29 (SIGIO) received
2023/11/20 17:36:18 [notice] 1#1: signal 17 (SIGCHLD) received from 34
2023/11/20 17:36:18 [notice] 1#1: signal 17 (SIGCHLD) received from 32
2023/11/20 17:36:18 [notice] 1#1: worker process 32 exited with code 0
2023/11/20 17:36:18 [notice] 1#1: signal 29 (SIGIO) received
2023/11/20 17:36:18 [notice] 1#1: signal 17 (SIGCHLD) received from 30
2023/11/20 17:36:18 [notice] 1#1: worker process 30 exited with code 0
2023/11/20 17:36:18 [notice] 1#1: signal 29 (SIGIO) received
2023/11/20 17:36:18 [notice] 1#1: signal 17 (SIGCHLD) received from 29
2023/11/20 17:36:18 [notice] 1#1: worker process 29 exited with code 0
2023/11/20 17:36:18 [notice] 1#1: exit
2023/11/20 17:36:31 [notice] 1#1: using the "epoll" event method
2023/11/20 17:36:31 [notice] 1#1: nginx/1.25.3
2023/11/20 17:36:31 [notice] 1#1: built by gcc 12.2.1 20220924 (Alpine 12.2.1_git20220924-r10) 
2023/11/20 17:36:31 [notice] 1#1: OS: Linux 5.15.0-88-generic
2023/11/20 17:36:31 [notice] 1#1: getrlimit(RLIMIT_NOFILE): 1048576:1048576
2023/11/20 17:36:31 [notice] 1#1: start worker processes
2023/11/20 17:36:31 [notice] 1#1: start worker process 28
2023/11/20 17:36:31 [notice] 1#1: start worker process 29
2023/11/20 17:36:31 [notice] 1#1: start worker process 30
2023/11/20 17:36:31 [notice] 1#1: start worker process 31
2023/11/20 17:36:31 [notice] 1#1: start worker process 32
2023/11/20 17:36:31 [notice] 1#1: start worker process 33
2023/11/20 17:36:31 [notice] 1#1: start worker process 34
2023/11/20 17:36:31 [notice] 1#1: start worker process 35
2023/12/03 10:21:00 [notice] 1#1: using the "epoll" event method
2023/12/03 10:21:00 [notice] 1#1: nginx/1.25.3
2023/12/03 10:21:00 [notice] 1#1: built by gcc 12.2.1 20220924 (Alpine 12.2.1_git20220924-r10) 
2023/12/03 10:21:00 [notice] 1#1: OS: Linux 6.4.16-linuxkit
2023/12/03 10:21:00 [notice] 1#1: getrlimit(RLIMIT_NOFILE): 1048576:1048576
2023/12/03 10:21:00 [notice] 1#1: start worker processes
2023/12/03 10:21:00 [notice] 1#1: start worker process 29
2023/12/03 10:21:00 [notice] 1#1: start worker process 30
2023/12/03 10:21:00 [notice] 1#1: start worker process 31
2023/12/03 10:21:00 [notice] 1#1: start worker process 32
2023/12/03 10:21:00 [notice] 1#1: start worker process 33
2023/12/03 10:21:00 [notice] 1#1: start worker process 34
2023/12/03 10:21:00 [notice] 1#1: start worker process 35
2023/12/03 10:21:00 [notice] 1#1: start worker process 36
2023/12/03 10:22:03 [notice] 1#1: signal 3 (SIGQUIT) received, shutting down
2023/12/03 10:22:03 [notice] 31#31: gracefully shutting down
2023/12/03 10:22:03 [notice] 30#30: gracefully shutting down
2023/12/03 10:22:03 [notice] 29#29: gracefully shutting down
2023/12/03 10:22:03 [notice] 32#32: gracefully shutting down
2023/12/03 10:22:03 [notice] 33#33: gracefully shutting down
2023/12/03 10:22:03 [notice] 36#36: gracefully shutting down
2023/12/03 10:22:03 [notice] 34#34: gracefully shutting down
2023/12/03 10:22:03 [notice] 35#35: gracefully shutting down
2023/12/03 10:22:03 [notice] 34#34: exiting
2023/12/03 10:22:03 [notice] 31#31: exiting
2023/12/03 10:22:03 [notice] 30#30: exiting
2023/12/03 10:22:03 [notice] 29#29: exiting
2023/12/03 10:22:03 [notice] 32#32: exiting
2023/12/03 10:22:03 [notice] 33#33: exiting
2023/12/03 10:22:03 [notice] 36#36: exiting
2023/12/03 10:22:03 [notice] 35#35: exiting
2023/12/03 10:22:03 [notice] 34#34: exit
2023/12/03 10:22:03 [notice] 31#31: exit
2023/12/03 10:22:03 [notice] 30#30: exit
2023/12/03 10:22:03 [notice] 29#29: exit
2023/12/03 10:22:03 [notice] 32#32: exit
2023/12/03 10:22:03 [notice] 33#33: exit
2023/12/03 10:22:03 [notice] 36#36: exit
2023/12/03 10:22:03 [notice] 35#35: exit
2023/12/03 10:22:03 [notice] 1#1: signal 17 (SIGCHLD) received from 34
2023/12/03 10:22:03 [notice] 1#1: worker process 34 exited with code 0
2023/12/03 10:22:03 [notice] 1#1: signal 29 (SIGIO) received
2023/12/03 10:22:03 [notice] 1#1: signal 17 (SIGCHLD) received from 32
2023/12/03 10:22:03 [notice] 1#1: worker process 32 exited with code 0
2023/12/03 10:22:03 [notice] 1#1: worker process 33 exited with code 0
2023/12/03 10:22:03 [notice] 1#1: signal 29 (SIGIO) received
2023/12/03 10:22:03 [notice] 1#1: signal 17 (SIGCHLD) received from 33
2023/12/03 10:22:03 [notice] 1#1: signal 17 (SIGCHLD) received from 31
2023/12/03 10:22:03 [notice] 1#1: worker process 31 exited with code 0
2023/12/03 10:22:03 [notice] 1#1: signal 29 (SIGIO) received
2023/12/03 10:22:03 [notice] 1#1: signal 17 (SIGCHLD) received from 29
2023/12/03 10:22:03 [notice] 1#1: worker process 29 exited with code 0
2023/12/03 10:22:03 [notice] 1#1: worker process 30 exited with code 0
2023/12/03 10:22:03 [notice] 1#1: worker process 35 exited with code 0
2023/12/03 10:22:03 [notice] 1#1: worker process 36 exited with code 0
2023/12/03 10:22:03 [notice] 1#1: exit
2023/12/03 10:22:08 [notice] 1#1: using the "epoll" event method
2023/12/03 10:22:08 [notice] 1#1: nginx/1.25.3
2023/12/03 10:22:08 [notice] 1#1: built by gcc 12.2.1 20220924 (Alpine 12.2.1_git20220924-r10) 
2023/12/03 10:22:08 [notice] 1#1: OS: Linux 6.4.16-linuxkit
2023/12/03 10:22:08 [notice] 1#1: getrlimit(RLIMIT_NOFILE): 1048576:1048576
2023/12/03 10:22:08 [notice] 1#1: start worker processes
2023/12/03 10:22:08 [notice] 1#1: start worker process 28
2023/12/03 10:22:08 [notice] 1#1: start worker process 29
2023/12/03 10:22:08 [notice] 1#1: start worker process 30
2023/12/03 10:22:08 [notice] 1#1: start worker process 31
2023/12/03 10:22:08 [notice] 1#1: start worker process 32
2023/12/03 10:22:08 [notice] 1#1: start worker process 33
2023/12/03 10:22:08 [notice] 1#1: start worker process 34
2023/12/03 10:22:08 [notice] 1#1: start worker process 35
2023/12/03 10:22:36 [error] 28#28: *1 open() "/var/www/html/favicon.ico" failed (2: No such file or directory), client: 192.168.65.1, server: , request: "GET /favicon.ico HTTP/1.1", host: "localhost:8080", referrer: "http://localhost:8080/"
2023/12/03 10:22:52 [error] 30#30: *4 open() "/var/www/html/favicon.ico" failed (2: No such file or directory), client: 192.168.65.1, server: , request: "GET /favicon.ico HTTP/1.1", host: "127.0.0.1:8080", referrer: "http://127.0.0.1:8080/"
2023/12/03 10:22:57 [error] 30#30: *4 open() "/var/www/html/test" failed (2: No such file or directory), client: 192.168.65.1, server: , request: "GET /test HTTP/1.1", host: "127.0.0.1:8080"
2023/12/03 10:24:36 [error] 31#31: *10 "/var/www/html/moneyapp/index.php" is not found (2: No such file or directory), client: 192.168.65.1, server: , request: "GET /moneyapp/ HTTP/1.1", host: "127.0.0.1:8080"
2023/12/03 10:25:03 [notice] 1#1: signal 3 (SIGQUIT) received, shutting down
2023/12/03 10:25:03 [notice] 31#31: gracefully shutting down
2023/12/03 10:25:03 [notice] 30#30: gracefully shutting down
2023/12/03 10:25:03 [notice] 30#30: exiting
2023/12/03 10:25:03 [notice] 28#28: gracefully shutting down
2023/12/03 10:25:03 [notice] 29#29: gracefully shutting down
2023/12/03 10:25:03 [notice] 33#33: gracefully shutting down
2023/12/03 10:25:03 [notice] 34#34: gracefully shutting down
2023/12/03 10:25:03 [notice] 32#32: gracefully shutting down
2023/12/03 10:25:03 [notice] 35#35: gracefully shutting down
2023/12/03 10:25:03 [notice] 31#31: exiting
2023/12/03 10:25:03 [notice] 30#30: exit
2023/12/03 10:25:03 [notice] 28#28: exiting
2023/12/03 10:25:03 [notice] 29#29: exiting
2023/12/03 10:25:03 [notice] 28#28: exit
2023/12/03 10:25:03 [notice] 33#33: exiting
2023/12/03 10:25:03 [notice] 34#34: exiting
2023/12/03 10:25:03 [notice] 32#32: exiting
2023/12/03 10:25:03 [notice] 35#35: exiting
2023/12/03 10:25:03 [notice] 32#32: exit
2023/12/03 10:25:03 [notice] 31#31: exit
2023/12/03 10:25:03 [notice] 29#29: exit
2023/12/03 10:25:03 [notice] 33#33: exit
2023/12/03 10:25:03 [notice] 34#34: exit
2023/12/03 10:25:03 [notice] 35#35: exit
2023/12/03 10:25:03 [notice] 1#1: signal 17 (SIGCHLD) received from 30
2023/12/03 10:25:03 [notice] 1#1: worker process 30 exited with code 0
2023/12/03 10:25:03 [notice] 1#1: signal 29 (SIGIO) received
2023/12/03 10:25:03 [notice] 1#1: signal 17 (SIGCHLD) received from 28
2023/12/03 10:25:03 [notice] 1#1: worker process 28 exited with code 0
2023/12/03 10:25:03 [notice] 1#1: signal 29 (SIGIO) received
2023/12/03 10:25:03 [notice] 1#1: signal 17 (SIGCHLD) received from 32
2023/12/03 10:25:03 [notice] 1#1: worker process 32 exited with code 0
2023/12/03 10:25:03 [notice] 1#1: signal 29 (SIGIO) received
2023/12/03 10:25:03 [notice] 1#1: signal 17 (SIGCHLD) received from 33
2023/12/03 10:25:03 [notice] 1#1: worker process 31 exited with code 0
2023/12/03 10:25:03 [notice] 1#1: worker process 33 exited with code 0
2023/12/03 10:25:03 [notice] 1#1: worker process 34 exited with code 0
2023/12/03 10:25:03 [notice] 1#1: signal 29 (SIGIO) received
2023/12/03 10:25:03 [notice] 1#1: signal 17 (SIGCHLD) received from 34
2023/12/03 10:25:03 [notice] 1#1: worker process 29 exited with code 0
2023/12/03 10:25:03 [notice] 1#1: worker process 35 exited with code 0
2023/12/03 10:25:03 [notice] 1#1: exit
2023/12/03 10:25:17 [notice] 1#1: using the "epoll" event method
2023/12/03 10:25:17 [notice] 1#1: nginx/1.25.3
2023/12/03 10:25:17 [notice] 1#1: built by gcc 12.2.1 20220924 (Alpine 12.2.1_git20220924-r10) 
2023/12/03 10:25:17 [notice] 1#1: OS: Linux 6.4.16-linuxkit
2023/12/03 10:25:17 [notice] 1#1: getrlimit(RLIMIT_NOFILE): 1048576:1048576
2023/12/03 10:25:17 [notice] 1#1: start worker processes
2023/12/03 10:25:17 [notice] 1#1: start worker process 29
2023/12/03 10:25:17 [notice] 1#1: start worker process 30
2023/12/03 10:25:17 [notice] 1#1: start worker process 31
2023/12/03 10:25:17 [notice] 1#1: start worker process 32
2023/12/03 10:25:17 [notice] 1#1: start worker process 33
2023/12/03 10:25:17 [notice] 1#1: start worker process 34
2023/12/03 10:25:17 [notice] 1#1: start worker process 35
2023/12/03 10:25:17 [notice] 1#1: start worker process 36
2023/12/03 10:25:19 [error] 29#29: *1 "/var/www/html/moneyapp/index.php" is not found (2: No such file or directory), client: 192.168.65.1, server: , request: "GET /moneyapp/ HTTP/1.1", host: "127.0.0.1:8080"
2023/12/03 10:25:20 [error] 29#29: *1 "/var/www/html/moneyapp/index.php" is not found (2: No such file or directory), client: 192.168.65.1, server: , request: "GET /moneyapp/ HTTP/1.1", host: "127.0.0.1:8080"
2023/12/03 10:28:48 [notice] 1#1: signal 3 (SIGQUIT) received, shutting down
2023/12/03 10:28:48 [notice] 30#30: gracefully shutting down
2023/12/03 10:28:48 [notice] 29#29: gracefully shutting down
2023/12/03 10:28:48 [notice] 31#31: gracefully shutting down
2023/12/03 10:28:48 [notice] 33#33: gracefully shutting down
2023/12/03 10:28:48 [notice] 35#35: gracefully shutting down
2023/12/03 10:28:48 [notice] 34#34: gracefully shutting down
2023/12/03 10:28:48 [notice] 32#32: gracefully shutting down
2023/12/03 10:28:48 [notice] 36#36: gracefully shutting down
2023/12/03 10:28:48 [notice] 30#30: exiting
2023/12/03 10:28:48 [notice] 29#29: exiting
2023/12/03 10:28:48 [notice] 31#31: exiting
2023/12/03 10:28:48 [notice] 33#33: exiting
2023/12/03 10:28:48 [notice] 31#31: exit
2023/12/03 10:28:48 [notice] 35#35: exiting
2023/12/03 10:28:48 [notice] 34#34: exiting
2023/12/03 10:28:48 [notice] 32#32: exiting
2023/12/03 10:28:48 [notice] 36#36: exiting
2023/12/03 10:28:48 [notice] 30#30: exit
2023/12/03 10:28:48 [notice] 29#29: exit
2023/12/03 10:28:48 [notice] 33#33: exit
2023/12/03 10:28:48 [notice] 35#35: exit
2023/12/03 10:28:48 [notice] 34#34: exit
2023/12/03 10:28:48 [notice] 32#32: exit
2023/12/03 10:28:48 [notice] 36#36: exit
2023/12/03 10:28:48 [notice] 1#1: signal 17 (SIGCHLD) received from 29
2023/12/03 10:28:48 [notice] 1#1: worker process 29 exited with code 0
2023/12/03 10:28:48 [notice] 1#1: worker process 30 exited with code 0
2023/12/03 10:28:48 [notice] 1#1: worker process 31 exited with code 0
2023/12/03 10:28:48 [notice] 1#1: worker process 33 exited with code 0
2023/12/03 10:28:48 [notice] 1#1: signal 29 (SIGIO) received
2023/12/03 10:28:48 [notice] 1#1: signal 17 (SIGCHLD) received from 35
2023/12/03 10:28:48 [notice] 1#1: worker process 32 exited with code 0
2023/12/03 10:28:48 [notice] 1#1: worker process 34 exited with code 0
2023/12/03 10:28:48 [notice] 1#1: worker process 35 exited with code 0
2023/12/03 10:28:48 [notice] 1#1: worker process 36 exited with code 0
2023/12/03 10:28:48 [notice] 1#1: exit
2023/12/03 10:29:05 [notice] 1#1: using the "epoll" event method
2023/12/03 10:29:05 [notice] 1#1: nginx/1.25.3
2023/12/03 10:29:05 [notice] 1#1: built by gcc 12.2.1 20220924 (Alpine 12.2.1_git20220924-r10) 
2023/12/03 10:29:05 [notice] 1#1: OS: Linux 6.4.16-linuxkit
2023/12/03 10:29:05 [notice] 1#1: getrlimit(RLIMIT_NOFILE): 1048576:1048576
2023/12/03 10:29:05 [notice] 1#1: start worker processes
2023/12/03 10:29:05 [notice] 1#1: start worker process 29
2023/12/03 10:29:05 [notice] 1#1: start worker process 30
2023/12/03 10:29:05 [notice] 1#1: start worker process 31
2023/12/03 10:29:05 [notice] 1#1: start worker process 32
2023/12/03 10:29:05 [notice] 1#1: start worker process 33
2023/12/03 10:29:05 [notice] 1#1: start worker process 34
2023/12/03 10:29:05 [notice] 1#1: start worker process 35
2023/12/03 10:29:05 [notice] 1#1: start worker process 36
2023/12/03 10:29:12 [notice] 1#1: signal 3 (SIGQUIT) received, shutting down
2023/12/03 10:29:12 [notice] 29#29: gracefully shutting down
2023/12/03 10:29:12 [notice] 29#29: exiting
2023/12/03 10:29:12 [notice] 33#33: gracefully shutting down
2023/12/03 10:29:12 [notice] 33#33: exiting
2023/12/03 10:29:12 [notice] 32#32: gracefully shutting down
2023/12/03 10:29:12 [notice] 32#32: exiting
2023/12/03 10:29:12 [notice] 31#31: gracefully shutting down
2023/12/03 10:29:12 [notice] 31#31: exiting
2023/12/03 10:29:12 [notice] 30#30: gracefully shutting down
2023/12/03 10:29:12 [notice] 30#30: exiting
2023/12/03 10:29:12 [notice] 34#34: gracefully shutting down
2023/12/03 10:29:12 [notice] 35#35: gracefully shutting down
2023/12/03 10:29:12 [notice] 36#36: gracefully shutting down
2023/12/03 10:29:12 [notice] 29#29: exit
2023/12/03 10:29:12 [notice] 33#33: exit
2023/12/03 10:29:12 [notice] 32#32: exit
2023/12/03 10:29:12 [notice] 31#31: exit
2023/12/03 10:29:12 [notice] 30#30: exit
2023/12/03 10:29:12 [notice] 34#34: exiting
2023/12/03 10:29:12 [notice] 35#35: exiting
2023/12/03 10:29:12 [notice] 36#36: exiting
2023/12/03 10:29:12 [notice] 34#34: exit
2023/12/03 10:29:12 [notice] 35#35: exit
2023/12/03 10:29:12 [notice] 36#36: exit
2023/12/03 10:29:12 [notice] 1#1: signal 17 (SIGCHLD) received from 29
2023/12/03 10:29:12 [notice] 1#1: worker process 29 exited with code 0
2023/12/03 10:29:12 [notice] 1#1: signal 29 (SIGIO) received
2023/12/03 10:29:12 [notice] 1#1: signal 17 (SIGCHLD) received from 33
2023/12/03 10:29:12 [notice] 1#1: worker process 33 exited with code 0
2023/12/03 10:29:12 [notice] 1#1: signal 29 (SIGIO) received
2023/12/03 10:29:12 [notice] 1#1: signal 17 (SIGCHLD) received from 32
2023/12/03 10:29:12 [notice] 1#1: worker process 30 exited with code 0
2023/12/03 10:29:12 [notice] 1#1: worker process 31 exited with code 0
2023/12/03 10:29:12 [notice] 1#1: worker process 32 exited with code 0
2023/12/03 10:29:12 [notice] 1#1: worker process 36 exited with code 0
2023/12/03 10:29:12 [notice] 1#1: signal 29 (SIGIO) received
2023/12/03 10:29:12 [notice] 1#1: signal 17 (SIGCHLD) received from 35
2023/12/03 10:29:12 [notice] 1#1: worker process 34 exited with code 0
2023/12/03 10:29:12 [notice] 1#1: worker process 35 exited with code 0
2023/12/03 10:29:12 [notice] 1#1: exit
2023/12/03 10:32:03 [notice] 1#1: using the "epoll" event method
2023/12/03 10:32:03 [notice] 1#1: nginx/1.25.3
2023/12/03 10:32:03 [notice] 1#1: built by gcc 12.2.1 20220924 (Alpine 12.2.1_git20220924-r10) 
2023/12/03 10:32:03 [notice] 1#1: OS: Linux 6.4.16-linuxkit
2023/12/03 10:32:03 [notice] 1#1: getrlimit(RLIMIT_NOFILE): 1048576:1048576
2023/12/03 10:32:03 [notice] 1#1: start worker processes
2023/12/03 10:32:03 [notice] 1#1: start worker process 29
2023/12/03 10:32:03 [notice] 1#1: start worker process 30
2023/12/03 10:32:03 [notice] 1#1: start worker process 31
2023/12/03 10:32:03 [notice] 1#1: start worker process 32
2023/12/03 10:32:03 [notice] 1#1: start worker process 33
2023/12/03 10:32:03 [notice] 1#1: start worker process 34
2023/12/03 10:32:03 [notice] 1#1: start worker process 35
2023/12/03 10:32:03 [notice] 1#1: start worker process 36
2023/12/03 10:32:21 [error] 29#29: *1 open() "/var/www/html/test" failed (2: No such file or directory), client: 192.168.65.1, server: , request: "GET /test HTTP/1.1", host: "127.0.0.1:8080"
2023/12/03 10:32:30 [error] 30#30: *15 open() "/var/www/html/favicon.ico" failed (2: No such file or directory), client: 192.168.65.1, server: , request: "GET /favicon.ico HTTP/1.1", host: "localhost:8080", referrer: "http://localhost:8080/"
2023/12/03 10:33:02 [error] 32#32: *17 open() "/var/www/html/favicon.ico" failed (2: No such file or directory), client: 192.168.65.1, server: , request: "GET /favicon.ico HTTP/1.1", host: "localhost:8080", referrer: "http://localhost:8080/"
2023/12/03 10:38:56 [notice] 1#1: signal 3 (SIGQUIT) received, shutting down
2023/12/03 10:38:56 [notice] 29#29: gracefully shutting down
2023/12/03 10:38:56 [notice] 30#30: gracefully shutting down
2023/12/03 10:38:56 [notice] 31#31: gracefully shutting down
2023/12/03 10:38:56 [notice] 35#35: gracefully shutting down
2023/12/03 10:38:56 [notice] 33#33: gracefully shutting down
2023/12/03 10:38:56 [notice] 34#34: gracefully shutting down
2023/12/03 10:38:56 [notice] 32#32: gracefully shutting down
2023/12/03 10:38:56 [notice] 36#36: gracefully shutting down
2023/12/03 10:38:56 [notice] 29#29: exiting
2023/12/03 10:38:56 [notice] 30#30: exiting
2023/12/03 10:38:56 [notice] 31#31: exiting
2023/12/03 10:38:56 [notice] 35#35: exiting
2023/12/03 10:38:56 [notice] 33#33: exiting
2023/12/03 10:38:56 [notice] 32#32: exiting
2023/12/03 10:38:56 [notice] 34#34: exiting
2023/12/03 10:38:56 [notice] 36#36: exiting
2023/12/03 10:38:56 [notice] 29#29: exit
2023/12/03 10:38:56 [notice] 30#30: exit
2023/12/03 10:38:56 [notice] 31#31: exit
2023/12/03 10:38:56 [notice] 35#35: exit
2023/12/03 10:38:56 [notice] 33#33: exit
2023/12/03 10:38:56 [notice] 32#32: exit
2023/12/03 10:38:56 [notice] 34#34: exit
2023/12/03 10:38:56 [notice] 36#36: exit
2023/12/03 10:38:56 [notice] 1#1: signal 17 (SIGCHLD) received from 31
2023/12/03 10:38:56 [notice] 1#1: worker process 31 exited with code 0
2023/12/03 10:38:56 [notice] 1#1: signal 29 (SIGIO) received
2023/12/03 10:38:56 [notice] 1#1: signal 17 (SIGCHLD) received from 29
2023/12/03 10:38:56 [notice] 1#1: worker process 29 exited with code 0
2023/12/03 10:38:56 [notice] 1#1: worker process 30 exited with code 0
2023/12/03 10:38:56 [notice] 1#1: worker process 32 exited with code 0
2023/12/03 10:38:56 [notice] 1#1: worker process 33 exited with code 0
2023/12/03 10:38:56 [notice] 1#1: signal 29 (SIGIO) received
2023/12/03 10:38:56 [notice] 1#1: signal 17 (SIGCHLD) received from 30
2023/12/03 10:38:56 [notice] 1#1: signal 17 (SIGCHLD) received from 35
2023/12/03 10:38:56 [notice] 1#1: worker process 35 exited with code 0
2023/12/03 10:38:56 [notice] 1#1: worker process 36 exited with code 0
2023/12/03 10:38:56 [notice] 1#1: signal 29 (SIGIO) received
2023/12/03 10:38:56 [notice] 1#1: signal 17 (SIGCHLD) received from 36
2023/12/03 10:38:56 [notice] 1#1: signal 17 (SIGCHLD) received from 34
2023/12/03 10:38:56 [notice] 1#1: worker process 34 exited with code 0
2023/12/03 10:38:56 [notice] 1#1: exit
2023/12/03 10:39:14 [notice] 1#1: using the "epoll" event method
2023/12/03 10:39:14 [notice] 1#1: nginx/1.25.3
2023/12/03 10:39:14 [notice] 1#1: built by gcc 12.2.1 20220924 (Alpine 12.2.1_git20220924-r10) 
2023/12/03 10:39:14 [notice] 1#1: OS: Linux 6.4.16-linuxkit
2023/12/03 10:39:14 [notice] 1#1: getrlimit(RLIMIT_NOFILE): 1048576:1048576
2023/12/03 10:39:14 [notice] 1#1: start worker processes
2023/12/03 10:39:14 [notice] 1#1: start worker process 29
2023/12/03 10:39:14 [notice] 1#1: start worker process 30
2023/12/03 10:39:14 [notice] 1#1: start worker process 31
2023/12/03 10:39:14 [notice] 1#1: start worker process 32
2023/12/03 10:39:14 [notice] 1#1: start worker process 33
2023/12/03 10:39:14 [notice] 1#1: start worker process 34
2023/12/03 10:39:14 [notice] 1#1: start worker process 35
2023/12/03 10:39:14 [notice] 1#1: start worker process 36
2023/12/03 10:40:39 [notice] 1#1: signal 3 (SIGQUIT) received, shutting down
2023/12/03 10:40:39 [notice] 29#29: gracefully shutting down
2023/12/03 10:40:39 [notice] 34#34: gracefully shutting down
2023/12/03 10:40:39 [notice] 30#30: gracefully shutting down
2023/12/03 10:40:39 [notice] 32#32: gracefully shutting down
2023/12/03 10:40:39 [notice] 31#31: gracefully shutting down
2023/12/03 10:40:39 [notice] 35#35: gracefully shutting down
2023/12/03 10:40:39 [notice] 33#33: gracefully shutting down
2023/12/03 10:40:39 [notice] 36#36: gracefully shutting down
2023/12/03 10:40:39 [notice] 29#29: exiting
2023/12/03 10:40:39 [notice] 34#34: exiting
2023/12/03 10:40:39 [notice] 30#30: exiting
2023/12/03 10:40:39 [notice] 32#32: exiting
2023/12/03 10:40:39 [notice] 31#31: exiting
2023/12/03 10:40:39 [notice] 35#35: exiting
2023/12/03 10:40:39 [notice] 33#33: exiting
2023/12/03 10:40:39 [notice] 35#35: exit
2023/12/03 10:40:39 [notice] 36#36: exiting
2023/12/03 10:40:39 [notice] 29#29: exit
2023/12/03 10:40:39 [notice] 34#34: exit
2023/12/03 10:40:39 [notice] 30#30: exit
2023/12/03 10:40:39 [notice] 32#32: exit
2023/12/03 10:40:39 [notice] 31#31: exit
2023/12/03 10:40:39 [notice] 33#33: exit
2023/12/03 10:40:39 [notice] 36#36: exit
2023/12/03 10:40:39 [notice] 1#1: signal 17 (SIGCHLD) received from 35
2023/12/03 10:40:39 [notice] 1#1: worker process 35 exited with code 0
2023/12/03 10:40:39 [notice] 1#1: signal 29 (SIGIO) received
2023/12/03 10:40:39 [notice] 1#1: signal 17 (SIGCHLD) received from 36
2023/12/03 10:40:39 [notice] 1#1: worker process 34 exited with code 0
2023/12/03 10:40:39 [notice] 1#1: worker process 36 exited with code 0
2023/12/03 10:40:39 [notice] 1#1: signal 29 (SIGIO) received
2023/12/03 10:40:39 [notice] 1#1: signal 17 (SIGCHLD) received from 34
2023/12/03 10:40:39 [notice] 1#1: signal 17 (SIGCHLD) received from 33
2023/12/03 10:40:39 [notice] 1#1: worker process 31 exited with code 0
2023/12/03 10:40:39 [notice] 1#1: worker process 29 exited with code 0
2023/12/03 10:40:39 [notice] 1#1: worker process 30 exited with code 0
2023/12/03 10:40:39 [notice] 1#1: worker process 32 exited with code 0
2023/12/03 10:40:39 [notice] 1#1: worker process 33 exited with code 0
2023/12/03 10:40:39 [notice] 1#1: exit
2023/12/03 10:42:46 [notice] 1#1: using the "epoll" event method
2023/12/03 10:42:46 [notice] 1#1: nginx/1.25.3
2023/12/03 10:42:46 [notice] 1#1: built by gcc 12.2.1 20220924 (Alpine 12.2.1_git20220924-r10) 
2023/12/03 10:42:46 [notice] 1#1: OS: Linux 6.4.16-linuxkit
2023/12/03 10:42:46 [notice] 1#1: getrlimit(RLIMIT_NOFILE): 1048576:1048576
2023/12/03 10:42:46 [notice] 1#1: start worker processes
2023/12/03 10:42:46 [notice] 1#1: start worker process 29
2023/12/03 10:42:46 [notice] 1#1: start worker process 30
2023/12/03 10:42:46 [notice] 1#1: start worker process 31
2023/12/03 10:42:46 [notice] 1#1: start worker process 32
2023/12/03 10:42:46 [notice] 1#1: start worker process 33
2023/12/03 10:42:46 [notice] 1#1: start worker process 34
2023/12/03 10:42:46 [notice] 1#1: start worker process 35
2023/12/03 10:42:46 [notice] 1#1: start worker process 36
2023/12/03 11:06:14 [notice] 1#1: signal 3 (SIGQUIT) received, shutting down
2023/12/03 11:06:14 [notice] 33#33: gracefully shutting down
2023/12/03 11:06:14 [notice] 36#36: gracefully shutting down
2023/12/03 11:06:14 [notice] 32#32: gracefully shutting down
2023/12/03 11:06:14 [notice] 34#34: gracefully shutting down
2023/12/03 11:06:14 [notice] 30#30: gracefully shutting down
2023/12/03 11:06:14 [notice] 31#31: gracefully shutting down
2023/12/03 11:06:14 [notice] 35#35: gracefully shutting down
2023/12/03 11:06:14 [notice] 29#29: gracefully shutting down
2023/12/03 11:06:14 [notice] 33#33: exiting
2023/12/03 11:06:14 [notice] 36#36: exiting
2023/12/03 11:06:14 [notice] 32#32: exiting
2023/12/03 11:06:14 [notice] 34#34: exiting
2023/12/03 11:06:14 [notice] 30#30: exiting
2023/12/03 11:06:14 [notice] 31#31: exiting
2023/12/03 11:06:14 [notice] 35#35: exiting
2023/12/03 11:06:14 [notice] 29#29: exiting
2023/12/03 11:06:14 [notice] 35#35: exit
2023/12/03 11:06:14 [notice] 33#33: exit
2023/12/03 11:06:14 [notice] 36#36: exit
2023/12/03 11:06:14 [notice] 32#32: exit
2023/12/03 11:06:14 [notice] 34#34: exit
2023/12/03 11:06:14 [notice] 30#30: exit
2023/12/03 11:06:14 [notice] 31#31: exit
2023/12/03 11:06:14 [notice] 29#29: exit
2023/12/03 11:06:14 [notice] 1#1: signal 17 (SIGCHLD) received from 36
2023/12/03 11:06:14 [notice] 1#1: worker process 35 exited with code 0
2023/12/03 11:06:14 [notice] 1#1: worker process 36 exited with code 0
2023/12/03 11:06:14 [notice] 1#1: signal 29 (SIGIO) received
2023/12/03 11:06:14 [notice] 1#1: signal 17 (SIGCHLD) received from 33
2023/12/03 11:06:14 [notice] 1#1: worker process 29 exited with code 0
2023/12/03 11:06:14 [notice] 1#1: worker process 31 exited with code 0
2023/12/03 11:06:14 [notice] 1#1: worker process 32 exited with code 0
2023/12/03 11:06:14 [notice] 1#1: worker process 33 exited with code 0
2023/12/03 11:06:14 [notice] 1#1: worker process 34 exited with code 0
2023/12/03 11:06:14 [notice] 1#1: worker process 30 exited with code 0
2023/12/03 11:06:14 [notice] 1#1: exit
2023/12/03 11:09:00 [notice] 1#1: using the "epoll" event method
2023/12/03 11:09:00 [notice] 1#1: nginx/1.25.3
2023/12/03 11:09:00 [notice] 1#1: built by gcc 12.2.1 20220924 (Alpine 12.2.1_git20220924-r10) 
2023/12/03 11:09:00 [notice] 1#1: OS: Linux 6.4.16-linuxkit
2023/12/03 11:09:00 [notice] 1#1: getrlimit(RLIMIT_NOFILE): 1048576:1048576
2023/12/03 11:09:00 [notice] 1#1: start worker processes
2023/12/03 11:09:00 [notice] 1#1: start worker process 29
2023/12/03 11:09:00 [notice] 1#1: start worker process 30
2023/12/03 11:09:00 [notice] 1#1: start worker process 31
2023/12/03 11:09:00 [notice] 1#1: start worker process 32
2023/12/03 11:09:00 [notice] 1#1: start worker process 33
2023/12/03 11:09:00 [notice] 1#1: start worker process 34
2023/12/03 11:09:00 [notice] 1#1: start worker process 35
2023/12/03 11:09:00 [notice] 1#1: start worker process 36
2023/12/03 11:09:14 [notice] 1#1: signal 3 (SIGQUIT) received, shutting down
2023/12/03 11:09:14 [notice] 29#29: gracefully shutting down
2023/12/03 11:09:14 [notice] 30#30: gracefully shutting down
2023/12/03 11:09:14 [notice] 32#32: gracefully shutting down
2023/12/03 11:09:14 [notice] 35#35: gracefully shutting down
2023/12/03 11:09:14 [notice] 33#33: gracefully shutting down
2023/12/03 11:09:14 [notice] 31#31: gracefully shutting down
2023/12/03 11:09:14 [notice] 34#34: gracefully shutting down
2023/12/03 11:09:14 [notice] 36#36: gracefully shutting down
2023/12/03 11:09:14 [notice] 29#29: exiting
2023/12/03 11:09:14 [notice] 30#30: exiting
2023/12/03 11:09:14 [notice] 29#29: exit
2023/12/03 11:09:14 [notice] 32#32: exiting
2023/12/03 11:09:14 [notice] 35#35: exiting
2023/12/03 11:09:14 [notice] 33#33: exiting
2023/12/03 11:09:14 [notice] 31#31: exiting
2023/12/03 11:09:14 [notice] 34#34: exiting
2023/12/03 11:09:14 [notice] 36#36: exiting
2023/12/03 11:09:14 [notice] 30#30: exit
2023/12/03 11:09:14 [notice] 32#32: exit
2023/12/03 11:09:14 [notice] 35#35: exit
2023/12/03 11:09:14 [notice] 33#33: exit
2023/12/03 11:09:14 [notice] 31#31: exit
2023/12/03 11:09:14 [notice] 34#34: exit
2023/12/03 11:09:14 [notice] 36#36: exit
2023/12/03 11:09:14 [notice] 1#1: signal 17 (SIGCHLD) received from 32
2023/12/03 11:09:14 [notice] 1#1: worker process 30 exited with code 0
2023/12/03 11:09:14 [notice] 1#1: worker process 32 exited with code 0
2023/12/03 11:09:14 [notice] 1#1: signal 29 (SIGIO) received
2023/12/03 11:09:14 [notice] 1#1: signal 17 (SIGCHLD) received from 29
2023/12/03 11:09:14 [notice] 1#1: worker process 29 exited with code 0
2023/12/03 11:09:14 [notice] 1#1: worker process 31 exited with code 0
2023/12/03 11:09:14 [notice] 1#1: worker process 33 exited with code 0
2023/12/03 11:09:14 [notice] 1#1: worker process 35 exited with code 0
2023/12/03 11:09:14 [notice] 1#1: signal 29 (SIGIO) received
2023/12/03 11:09:14 [notice] 1#1: signal 17 (SIGCHLD) received from 35
2023/12/03 11:09:14 [notice] 1#1: signal 17 (SIGCHLD) received from 34
2023/12/03 11:09:14 [notice] 1#1: worker process 34 exited with code 0
2023/12/03 11:09:14 [notice] 1#1: worker process 36 exited with code 0
2023/12/03 11:09:14 [notice] 1#1: exit
2023/12/03 11:17:10 [notice] 1#1: using the "epoll" event method
2023/12/03 11:17:10 [notice] 1#1: nginx/1.25.3
2023/12/03 11:17:10 [notice] 1#1: built by gcc 12.2.1 20220924 (Alpine 12.2.1_git20220924-r10) 
2023/12/03 11:17:10 [notice] 1#1: OS: Linux 6.4.16-linuxkit
2023/12/03 11:17:10 [notice] 1#1: getrlimit(RLIMIT_NOFILE): 1048576:1048576
2023/12/03 11:17:10 [notice] 1#1: start worker processes
2023/12/03 11:17:10 [notice] 1#1: start worker process 30
2023/12/03 11:17:10 [notice] 1#1: start worker process 31
2023/12/03 11:17:10 [notice] 1#1: start worker process 32
2023/12/03 11:17:10 [notice] 1#1: start worker process 33
2023/12/03 11:17:10 [notice] 1#1: start worker process 34
2023/12/03 11:17:10 [notice] 1#1: start worker process 35
2023/12/03 11:17:10 [notice] 1#1: start worker process 36
2023/12/03 11:17:10 [notice] 1#1: start worker process 37
2023/12/03 11:21:07 [notice] 1#1: signal 3 (SIGQUIT) received, shutting down
2023/12/03 11:21:07 [notice] 32#32: gracefully shutting down
2023/12/03 11:21:07 [notice] 31#31: gracefully shutting down
2023/12/03 11:21:07 [notice] 36#36: gracefully shutting down
2023/12/03 11:21:07 [notice] 30#30: gracefully shutting down
2023/12/03 11:21:07 [notice] 34#34: gracefully shutting down
2023/12/03 11:21:07 [notice] 37#37: gracefully shutting down
2023/12/03 11:21:07 [notice] 32#32: exiting
2023/12/03 11:21:07 [notice] 33#33: gracefully shutting down
2023/12/03 11:21:07 [notice] 35#35: gracefully shutting down
2023/12/03 11:21:07 [notice] 31#31: exiting
2023/12/03 11:21:07 [notice] 36#36: exiting
2023/12/03 11:21:07 [notice] 30#30: exiting
2023/12/03 11:21:07 [notice] 34#34: exiting
2023/12/03 11:21:07 [notice] 37#37: exiting
2023/12/03 11:21:07 [notice] 33#33: exiting
2023/12/03 11:21:07 [notice] 32#32: exit
2023/12/03 11:21:07 [notice] 33#33: exit
2023/12/03 11:21:07 [notice] 35#35: exiting
2023/12/03 11:21:07 [notice] 31#31: exit
2023/12/03 11:21:07 [notice] 36#36: exit
2023/12/03 11:21:07 [notice] 30#30: exit
2023/12/03 11:21:07 [notice] 34#34: exit
2023/12/03 11:21:07 [notice] 37#37: exit
2023/12/03 11:21:07 [notice] 35#35: exit
2023/12/03 11:21:07 [notice] 1#1: signal 17 (SIGCHLD) received from 31
2023/12/03 11:21:07 [notice] 1#1: worker process 30 exited with code 0
2023/12/03 11:21:07 [notice] 1#1: worker process 31 exited with code 0
2023/12/03 11:21:07 [notice] 1#1: signal 29 (SIGIO) received
2023/12/03 11:21:07 [notice] 1#1: signal 17 (SIGCHLD) received from 32
2023/12/03 11:21:07 [notice] 1#1: worker process 32 exited with code 0
2023/12/03 11:21:07 [notice] 1#1: signal 29 (SIGIO) received
2023/12/03 11:21:07 [notice] 1#1: signal 17 (SIGCHLD) received from 36
2023/12/03 11:21:07 [notice] 1#1: worker process 33 exited with code 0
2023/12/03 11:21:07 [notice] 1#1: worker process 34 exited with code 0
2023/12/03 11:21:07 [notice] 1#1: worker process 35 exited with code 0
2023/12/03 11:21:07 [notice] 1#1: worker process 36 exited with code 0
2023/12/03 11:21:07 [notice] 1#1: signal 29 (SIGIO) received
2023/12/03 11:21:07 [notice] 1#1: signal 17 (SIGCHLD) received from 33
2023/12/03 11:21:07 [notice] 1#1: signal 17 (SIGCHLD) received from 37
2023/12/03 11:21:07 [notice] 1#1: worker process 37 exited with code 0
2023/12/03 11:21:07 [notice] 1#1: exit
2023/12/03 11:33:32 [notice] 1#1: using the "epoll" event method
2023/12/03 11:33:32 [notice] 1#1: nginx/1.25.3
2023/12/03 11:33:32 [notice] 1#1: built by gcc 12.2.1 20220924 (Alpine 12.2.1_git20220924-r10) 
2023/12/03 11:33:32 [notice] 1#1: OS: Linux 6.4.16-linuxkit
2023/12/03 11:33:32 [notice] 1#1: getrlimit(RLIMIT_NOFILE): 1048576:1048576
2023/12/03 11:33:32 [notice] 1#1: start worker processes
2023/12/03 11:33:32 [notice] 1#1: start worker process 29
2023/12/03 11:33:32 [notice] 1#1: start worker process 30
2023/12/03 11:33:32 [notice] 1#1: start worker process 31
2023/12/03 11:33:32 [notice] 1#1: start worker process 32
2023/12/03 11:33:32 [notice] 1#1: start worker process 33
2023/12/03 11:33:32 [notice] 1#1: start worker process 34
2023/12/03 11:33:32 [notice] 1#1: start worker process 35
2023/12/03 11:33:32 [notice] 1#1: start worker process 36
2023/12/03 11:37:40 [error] 32#32: *13 open() "/var/www/html/phpmyadmin" failed (2: No such file or directory), client: 192.168.65.1, server: , request: "GET /phpmyadmin HTTP/1.1", host: "127.0.0.1:8080"
2023/12/03 11:38:10 [notice] 1#1: signal 3 (SIGQUIT) received, shutting down
2023/12/03 11:38:10 [notice] 29#29: gracefully shutting down
2023/12/03 11:38:10 [notice] 30#30: gracefully shutting down
2023/12/03 11:38:10 [notice] 31#31: gracefully shutting down
2023/12/03 11:38:10 [notice] 34#34: gracefully shutting down
2023/12/03 11:38:10 [notice] 32#32: gracefully shutting down
2023/12/03 11:38:10 [notice] 31#31: exiting
2023/12/03 11:38:10 [notice] 33#33: gracefully shutting down
2023/12/03 11:38:10 [notice] 35#35: gracefully shutting down
2023/12/03 11:38:10 [notice] 36#36: gracefully shutting down
2023/12/03 11:38:10 [notice] 29#29: exiting
2023/12/03 11:38:10 [notice] 36#36: exiting
2023/12/03 11:38:10 [notice] 30#30: exiting
2023/12/03 11:38:10 [notice] 34#34: exiting
2023/12/03 11:38:10 [notice] 32#32: exiting
2023/12/03 11:38:10 [notice] 31#31: exit
2023/12/03 11:38:10 [notice] 33#33: exiting
2023/12/03 11:38:10 [notice] 35#35: exiting
2023/12/03 11:38:10 [notice] 29#29: exit
2023/12/03 11:38:10 [notice] 36#36: exit
2023/12/03 11:38:10 [notice] 30#30: exit
2023/12/03 11:38:10 [notice] 34#34: exit
2023/12/03 11:38:10 [notice] 32#32: exit
2023/12/03 11:38:10 [notice] 33#33: exit
2023/12/03 11:38:10 [notice] 35#35: exit
2023/12/03 11:38:10 [notice] 1#1: signal 17 (SIGCHLD) received from 36
2023/12/03 11:38:10 [notice] 1#1: worker process 30 exited with code 0
2023/12/03 11:38:10 [notice] 1#1: worker process 31 exited with code 0
2023/12/03 11:38:10 [notice] 1#1: worker process 36 exited with code 0
2023/12/03 11:38:10 [notice] 1#1: signal 29 (SIGIO) received
2023/12/03 11:38:10 [notice] 1#1: signal 17 (SIGCHLD) received from 33
2023/12/03 11:38:10 [notice] 1#1: worker process 33 exited with code 0
2023/12/03 11:38:10 [notice] 1#1: signal 29 (SIGIO) received
2023/12/03 11:38:10 [notice] 1#1: signal 17 (SIGCHLD) received from 35
2023/12/03 11:38:10 [notice] 1#1: worker process 34 exited with code 0
2023/12/03 11:38:10 [notice] 1#1: worker process 29 exited with code 0
2023/12/03 11:38:10 [notice] 1#1: worker process 32 exited with code 0
2023/12/03 11:38:10 [notice] 1#1: worker process 35 exited with code 0
2023/12/03 11:38:10 [notice] 1#1: exit
2023/12/03 11:39:38 [notice] 1#1: using the "epoll" event method
2023/12/03 11:39:38 [notice] 1#1: nginx/1.25.3
2023/12/03 11:39:38 [notice] 1#1: built by gcc 12.2.1 20220924 (Alpine 12.2.1_git20220924-r10) 
2023/12/03 11:39:38 [notice] 1#1: OS: Linux 6.4.16-linuxkit
2023/12/03 11:39:38 [notice] 1#1: getrlimit(RLIMIT_NOFILE): 1048576:1048576
2023/12/03 11:39:38 [notice] 1#1: start worker processes
2023/12/03 11:39:38 [notice] 1#1: start worker process 28
2023/12/03 11:39:38 [notice] 1#1: start worker process 29
2023/12/03 11:39:38 [notice] 1#1: start worker process 30
2023/12/03 11:39:38 [notice] 1#1: start worker process 31
2023/12/03 11:39:38 [notice] 1#1: start worker process 32
2023/12/03 11:39:38 [notice] 1#1: start worker process 33
2023/12/03 11:39:38 [notice] 1#1: start worker process 34
2023/12/03 11:39:38 [notice] 1#1: start worker process 35
2023/12/03 11:50:54 [notice] 1#1: signal 3 (SIGQUIT) received, shutting down
2023/12/03 11:50:54 [notice] 29#29: gracefully shutting down
2023/12/03 11:50:54 [notice] 28#28: gracefully shutting down
2023/12/03 11:50:54 [notice] 35#35: gracefully shutting down
2023/12/03 11:50:54 [notice] 35#35: exiting
2023/12/03 11:50:54 [notice] 30#30: gracefully shutting down
2023/12/03 11:50:54 [notice] 31#31: gracefully shutting down
2023/12/03 11:50:54 [notice] 32#32: gracefully shutting down
2023/12/03 11:50:54 [notice] 34#34: gracefully shutting down
2023/12/03 11:50:54 [notice] 33#33: gracefully shutting down
2023/12/03 11:50:54 [notice] 29#29: exiting
2023/12/03 11:50:54 [notice] 28#28: exiting
2023/12/03 11:50:54 [notice] 29#29: exit
2023/12/03 11:50:54 [notice] 35#35: exit
2023/12/03 11:50:54 [notice] 30#30: exiting
2023/12/03 11:50:54 [notice] 31#31: exiting
2023/12/03 11:50:54 [notice] 34#34: exiting
2023/12/03 11:50:54 [notice] 31#31: exit
2023/12/03 11:50:54 [notice] 32#32: exiting
2023/12/03 11:50:54 [notice] 33#33: exiting
2023/12/03 11:50:54 [notice] 28#28: exit
2023/12/03 11:50:54 [notice] 30#30: exit
2023/12/03 11:50:54 [notice] 34#34: exit
2023/12/03 11:50:54 [notice] 32#32: exit
2023/12/03 11:50:54 [notice] 33#33: exit
2023/12/03 11:50:55 [notice] 1#1: signal 17 (SIGCHLD) received from 29
2023/12/03 11:50:55 [notice] 1#1: worker process 29 exited with code 0
2023/12/03 11:50:55 [notice] 1#1: signal 29 (SIGIO) received
2023/12/03 11:50:55 [notice] 1#1: signal 17 (SIGCHLD) received from 35
2023/12/03 11:50:55 [notice] 1#1: worker process 31 exited with code 0
2023/12/03 11:50:55 [notice] 1#1: worker process 35 exited with code 0
2023/12/03 11:50:55 [notice] 1#1: signal 29 (SIGIO) received
2023/12/03 11:50:55 [notice] 1#1: signal 17 (SIGCHLD) received from 31
2023/12/03 11:50:55 [notice] 1#1: signal 17 (SIGCHLD) received from 33
2023/12/03 11:50:55 [notice] 1#1: worker process 33 exited with code 0
2023/12/03 11:50:55 [notice] 1#1: worker process 34 exited with code 0
2023/12/03 11:50:55 [notice] 1#1: signal 29 (SIGIO) received
2023/12/03 11:50:55 [notice] 1#1: signal 17 (SIGCHLD) received from 34
2023/12/03 11:50:55 [notice] 1#1: signal 17 (SIGCHLD) received from 30
2023/12/03 11:50:55 [notice] 1#1: worker process 28 exited with code 0
2023/12/03 11:50:55 [notice] 1#1: worker process 30 exited with code 0
2023/12/03 11:50:55 [notice] 1#1: worker process 32 exited with code 0
2023/12/03 11:50:55 [notice] 1#1: exit
2023/12/03 11:50:56 [notice] 1#1: using the "epoll" event method
2023/12/03 11:50:56 [notice] 1#1: nginx/1.25.3
2023/12/03 11:50:56 [notice] 1#1: built by gcc 12.2.1 20220924 (Alpine 12.2.1_git20220924-r10) 
2023/12/03 11:50:56 [notice] 1#1: OS: Linux 6.4.16-linuxkit
2023/12/03 11:50:56 [notice] 1#1: getrlimit(RLIMIT_NOFILE): 1048576:1048576
2023/12/03 11:50:56 [notice] 1#1: start worker processes
2023/12/03 11:50:56 [notice] 1#1: start worker process 29
2023/12/03 11:50:56 [notice] 1#1: start worker process 30
2023/12/03 11:50:56 [notice] 1#1: start worker process 31
2023/12/03 11:50:56 [notice] 1#1: start worker process 32
2023/12/03 11:50:56 [notice] 1#1: start worker process 33
2023/12/03 11:50:56 [notice] 1#1: start worker process 34
2023/12/03 11:50:56 [notice] 1#1: start worker process 35
2023/12/03 11:50:56 [notice] 1#1: start worker process 36
2023/12/03 11:51:02 [error] 29#29: *1 open() "/var/www/html/test" failed (2: No such file or directory), client: 192.168.65.1, server: , request: "GET /test HTTP/1.1", host: "localhost:8080"
2023/12/03 12:37:50 [notice] 1#1: signal 3 (SIGQUIT) received, shutting down
2023/12/03 12:37:50 [notice] 29#29: gracefully shutting down
2023/12/03 12:37:50 [notice] 31#31: gracefully shutting down
2023/12/03 12:37:50 [notice] 30#30: gracefully shutting down
2023/12/03 12:37:50 [notice] 30#30: exiting
2023/12/03 12:37:50 [notice] 34#34: gracefully shutting down
2023/12/03 12:37:50 [notice] 33#33: gracefully shutting down
2023/12/03 12:37:50 [notice] 35#35: gracefully shutting down
2023/12/03 12:37:50 [notice] 36#36: gracefully shutting down
2023/12/03 12:37:50 [notice] 35#35: exiting
2023/12/03 12:37:50 [notice] 29#29: exiting
2023/12/03 12:37:50 [notice] 32#32: gracefully shutting down
2023/12/03 12:37:50 [notice] 31#31: exiting
2023/12/03 12:37:50 [notice] 30#30: exit
2023/12/03 12:37:50 [notice] 31#31: exit
2023/12/03 12:37:50 [notice] 34#34: exiting
2023/12/03 12:37:50 [notice] 33#33: exiting
2023/12/03 12:37:50 [notice] 36#36: exiting
2023/12/03 12:37:50 [notice] 35#35: exit
2023/12/03 12:37:50 [notice] 29#29: exit
2023/12/03 12:37:50 [notice] 32#32: exiting
2023/12/03 12:37:50 [notice] 34#34: exit
2023/12/03 12:37:50 [notice] 33#33: exit
2023/12/03 12:37:50 [notice] 36#36: exit
2023/12/03 12:37:50 [notice] 32#32: exit
2023/12/03 12:37:50 [notice] 1#1: signal 17 (SIGCHLD) received from 30
2023/12/03 12:37:50 [notice] 1#1: worker process 30 exited with code 0
2023/12/03 12:37:50 [notice] 1#1: worker process 31 exited with code 0
2023/12/03 12:37:50 [notice] 1#1: worker process 35 exited with code 0
2023/12/03 12:37:50 [notice] 1#1: worker process 29 exited with code 0
2023/12/03 12:37:50 [notice] 1#1: signal 29 (SIGIO) received
2023/12/03 12:37:50 [notice] 1#1: signal 17 (SIGCHLD) received from 31
2023/12/03 12:37:50 [notice] 1#1: signal 17 (SIGCHLD) received from 32
2023/12/03 12:37:50 [notice] 1#1: worker process 32 exited with code 0
2023/12/03 12:37:50 [notice] 1#1: worker process 33 exited with code 0
2023/12/03 12:37:50 [notice] 1#1: worker process 34 exited with code 0
2023/12/03 12:37:50 [notice] 1#1: signal 29 (SIGIO) received
2023/12/03 12:37:50 [notice] 1#1: signal 17 (SIGCHLD) received from 33
2023/12/03 12:37:50 [notice] 1#1: signal 17 (SIGCHLD) received from 36
2023/12/03 12:37:50 [notice] 1#1: worker process 36 exited with code 0
2023/12/03 12:37:50 [notice] 1#1: exit
2023/12/05 10:34:56 [notice] 1#1: using the "epoll" event method
2023/12/05 10:34:56 [notice] 1#1: nginx/1.25.3
2023/12/05 10:34:56 [notice] 1#1: built by gcc 12.2.1 20220924 (Alpine 12.2.1_git20220924-r10) 
2023/12/05 10:34:56 [notice] 1#1: OS: Linux 6.4.16-linuxkit
2023/12/05 10:34:56 [notice] 1#1: getrlimit(RLIMIT_NOFILE): 1048576:1048576
2023/12/05 10:34:56 [notice] 1#1: start worker processes
2023/12/05 10:34:56 [notice] 1#1: start worker process 29
2023/12/05 10:34:56 [notice] 1#1: start worker process 30
2023/12/05 10:34:56 [notice] 1#1: start worker process 31
2023/12/05 10:34:56 [notice] 1#1: start worker process 32
2023/12/05 10:34:56 [notice] 1#1: start worker process 33
2023/12/05 10:34:56 [notice] 1#1: start worker process 34
2023/12/05 10:34:56 [notice] 1#1: start worker process 35
2023/12/05 10:34:56 [notice] 1#1: start worker process 36
2023/12/05 10:48:10 [notice] 1#1: signal 3 (SIGQUIT) received, shutting down
2023/12/05 10:48:10 [notice] 30#30: gracefully shutting down
2023/12/05 10:48:10 [notice] 30#30: exiting
2023/12/05 10:48:10 [notice] 34#34: gracefully shutting down
2023/12/05 10:48:10 [notice] 29#29: gracefully shutting down
2023/12/05 10:48:10 [notice] 31#31: gracefully shutting down
2023/12/05 10:48:10 [notice] 32#32: gracefully shutting down
2023/12/05 10:48:10 [notice] 33#33: gracefully shutting down
2023/12/05 10:48:10 [notice] 35#35: gracefully shutting down
2023/12/05 10:48:10 [notice] 36#36: gracefully shutting down
2023/12/05 10:48:10 [notice] 30#30: exit
2023/12/05 10:48:10 [notice] 34#34: exiting
2023/12/05 10:48:10 [notice] 29#29: exiting
2023/12/05 10:48:10 [notice] 31#31: exiting
2023/12/05 10:48:10 [notice] 32#32: exiting
2023/12/05 10:48:10 [notice] 33#33: exiting
2023/12/05 10:48:10 [notice] 35#35: exiting
2023/12/05 10:48:10 [notice] 36#36: exiting
2023/12/05 10:48:10 [notice] 34#34: exit
2023/12/05 10:48:10 [notice] 36#36: exit
2023/12/05 10:48:10 [notice] 29#29: exit
2023/12/05 10:48:10 [notice] 31#31: exit
2023/12/05 10:48:10 [notice] 32#32: exit
2023/12/05 10:48:10 [notice] 33#33: exit
2023/12/05 10:48:10 [notice] 35#35: exit
2023/12/05 10:48:10 [notice] 1#1: signal 17 (SIGCHLD) received from 30
2023/12/05 10:48:10 [notice] 1#1: worker process 30 exited with code 0
2023/12/05 10:48:10 [notice] 1#1: signal 29 (SIGIO) received
2023/12/05 10:48:10 [notice] 1#1: signal 17 (SIGCHLD) received from 36
2023/12/05 10:48:10 [notice] 1#1: worker process 36 exited with code 0
2023/12/05 10:48:10 [notice] 1#1: signal 29 (SIGIO) received
2023/12/05 10:48:10 [notice] 1#1: signal 17 (SIGCHLD) received from 33
2023/12/05 10:48:10 [notice] 1#1: worker process 29 exited with code 0
2023/12/05 10:48:10 [notice] 1#1: worker process 31 exited with code 0
2023/12/05 10:48:10 [notice] 1#1: worker process 32 exited with code 0
2023/12/05 10:48:10 [notice] 1#1: worker process 33 exited with code 0
2023/12/05 10:48:10 [notice] 1#1: worker process 34 exited with code 0
2023/12/05 10:48:10 [notice] 1#1: worker process 35 exited with code 0
2023/12/05 10:48:10 [notice] 1#1: exit
2023/12/05 10:51:44 [notice] 1#1: using the "epoll" event method
2023/12/05 10:51:44 [notice] 1#1: nginx/1.25.3
2023/12/05 10:51:44 [notice] 1#1: built by gcc 12.2.1 20220924 (Alpine 12.2.1_git20220924-r10) 
2023/12/05 10:51:44 [notice] 1#1: OS: Linux 6.4.16-linuxkit
2023/12/05 10:51:44 [notice] 1#1: getrlimit(RLIMIT_NOFILE): 1048576:1048576
2023/12/05 10:51:44 [notice] 1#1: start worker processes
2023/12/05 10:51:44 [notice] 1#1: start worker process 29
2023/12/05 10:51:44 [notice] 1#1: start worker process 30
2023/12/05 10:51:44 [notice] 1#1: start worker process 31
2023/12/05 10:51:44 [notice] 1#1: start worker process 32
2023/12/05 10:51:44 [notice] 1#1: start worker process 33
2023/12/05 10:51:44 [notice] 1#1: start worker process 34
2023/12/05 10:51:44 [notice] 1#1: start worker process 35
2023/12/05 10:51:44 [notice] 1#1: start worker process 36
2023/12/05 10:56:02 [notice] 1#1: signal 3 (SIGQUIT) received, shutting down
2023/12/05 10:56:02 [notice] 32#32: gracefully shutting down
2023/12/05 10:56:02 [notice] 30#30: gracefully shutting down
2023/12/05 10:56:02 [notice] 34#34: gracefully shutting down
2023/12/05 10:56:02 [notice] 34#34: exiting
2023/12/05 10:56:02 [notice] 31#31: gracefully shutting down
2023/12/05 10:56:02 [notice] 31#31: exiting
2023/12/05 10:56:02 [notice] 29#29: gracefully shutting down
2023/12/05 10:56:02 [notice] 36#36: gracefully shutting down
2023/12/05 10:56:02 [notice] 33#33: gracefully shutting down
2023/12/05 10:56:02 [notice] 33#33: exiting
2023/12/05 10:56:02 [notice] 35#35: gracefully shutting down
2023/12/05 10:56:02 [notice] 35#35: exiting
2023/12/05 10:56:02 [notice] 32#32: exiting
2023/12/05 10:56:02 [notice] 30#30: exiting
2023/12/05 10:56:02 [notice] 34#34: exit
2023/12/05 10:56:02 [notice] 31#31: exit
2023/12/05 10:56:02 [notice] 29#29: exiting
2023/12/05 10:56:02 [notice] 36#36: exiting
2023/12/05 10:56:02 [notice] 33#33: exit
2023/12/05 10:56:02 [notice] 36#36: exit
2023/12/05 10:56:02 [notice] 35#35: exit
2023/12/05 10:56:02 [notice] 32#32: exit
2023/12/05 10:56:02 [notice] 30#30: exit
2023/12/05 10:56:02 [notice] 29#29: exit
2023/12/05 10:56:02 [notice] 1#1: signal 17 (SIGCHLD) received from 34
2023/12/05 10:56:02 [notice] 1#1: worker process 34 exited with code 0
2023/12/05 10:56:02 [notice] 1#1: signal 29 (SIGIO) received
2023/12/05 10:56:02 [notice] 1#1: signal 17 (SIGCHLD) received from 31
2023/12/05 10:56:02 [notice] 1#1: worker process 31 exited with code 0
2023/12/05 10:56:02 [notice] 1#1: signal 29 (SIGIO) received
2023/12/05 10:56:02 [notice] 1#1: signal 17 (SIGCHLD) received from 33
2023/12/05 10:56:02 [notice] 1#1: worker process 33 exited with code 0
2023/12/05 10:56:02 [notice] 1#1: signal 29 (SIGIO) received
2023/12/05 10:56:02 [notice] 1#1: signal 17 (SIGCHLD) received from 36
2023/12/05 10:56:02 [notice] 1#1: worker process 36 exited with code 0
2023/12/05 10:56:02 [notice] 1#1: signal 29 (SIGIO) received
2023/12/05 10:56:02 [notice] 1#1: signal 17 (SIGCHLD) received from 35
2023/12/05 10:56:02 [notice] 1#1: worker process 35 exited with code 0
2023/12/05 10:56:02 [notice] 1#1: worker process 30 exited with code 0
2023/12/05 10:56:03 [notice] 1#1: signal 29 (SIGIO) received
2023/12/05 10:56:03 [notice] 1#1: signal 17 (SIGCHLD) received from 30
2023/12/05 10:56:03 [notice] 1#1: signal 17 (SIGCHLD) received from 29
2023/12/05 10:56:03 [notice] 1#1: worker process 29 exited with code 0
2023/12/05 10:56:03 [notice] 1#1: signal 29 (SIGIO) received
2023/12/05 10:56:03 [notice] 1#1: signal 17 (SIGCHLD) received from 32
2023/12/05 10:56:03 [notice] 1#1: worker process 32 exited with code 0
2023/12/05 10:56:03 [notice] 1#1: exit
2023/12/05 10:58:01 [notice] 1#1: using the "epoll" event method
2023/12/05 10:58:01 [notice] 1#1: nginx/1.25.3
2023/12/05 10:58:01 [notice] 1#1: built by gcc 12.2.1 20220924 (Alpine 12.2.1_git20220924-r10) 
2023/12/05 10:58:01 [notice] 1#1: OS: Linux 6.4.16-linuxkit
2023/12/05 10:58:01 [notice] 1#1: getrlimit(RLIMIT_NOFILE): 1048576:1048576
2023/12/05 10:58:01 [notice] 1#1: start worker processes
2023/12/05 10:58:01 [notice] 1#1: start worker process 29
2023/12/05 10:58:01 [notice] 1#1: start worker process 30
2023/12/05 10:58:01 [notice] 1#1: start worker process 31
2023/12/05 10:58:01 [notice] 1#1: start worker process 32
2023/12/05 10:58:01 [notice] 1#1: start worker process 33
2023/12/05 10:58:01 [notice] 1#1: start worker process 34
2023/12/05 10:58:01 [notice] 1#1: start worker process 35
2023/12/05 10:58:01 [notice] 1#1: start worker process 36
2023/12/05 10:59:17 [notice] 1#1: signal 3 (SIGQUIT) received, shutting down
2023/12/05 10:59:17 [notice] 29#29: gracefully shutting down
2023/12/05 10:59:17 [notice] 31#31: gracefully shutting down
2023/12/05 10:59:17 [notice] 31#31: exiting
2023/12/05 10:59:17 [notice] 30#30: gracefully shutting down
2023/12/05 10:59:17 [notice] 35#35: gracefully shutting down
2023/12/05 10:59:17 [notice] 36#36: gracefully shutting down
2023/12/05 10:59:17 [notice] 32#32: gracefully shutting down
2023/12/05 10:59:17 [notice] 34#34: gracefully shutting down
2023/12/05 10:59:17 [notice] 33#33: gracefully shutting down
2023/12/05 10:59:17 [notice] 29#29: exiting
2023/12/05 10:59:17 [notice] 31#31: exit
2023/12/05 10:59:17 [notice] 30#30: exiting
2023/12/05 10:59:17 [notice] 35#35: exiting
2023/12/05 10:59:17 [notice] 36#36: exiting
2023/12/05 10:59:17 [notice] 32#32: exiting
2023/12/05 10:59:17 [notice] 34#34: exiting
2023/12/05 10:59:17 [notice] 33#33: exiting
2023/12/05 10:59:17 [notice] 29#29: exit
2023/12/05 10:59:17 [notice] 30#30: exit
2023/12/05 10:59:17 [notice] 35#35: exit
2023/12/05 10:59:17 [notice] 36#36: exit
2023/12/05 10:59:17 [notice] 32#32: exit
2023/12/05 10:59:17 [notice] 34#34: exit
2023/12/05 10:59:17 [notice] 33#33: exit
2023/12/05 10:59:17 [notice] 1#1: signal 17 (SIGCHLD) received from 31
2023/12/05 10:59:17 [notice] 1#1: worker process 31 exited with code 0
2023/12/05 10:59:17 [notice] 1#1: signal 29 (SIGIO) received
2023/12/05 10:59:17 [notice] 1#1: signal 17 (SIGCHLD) received from 33
2023/12/05 10:59:17 [notice] 1#1: worker process 32 exited with code 0
2023/12/05 10:59:17 [notice] 1#1: worker process 29 exited with code 0
2023/12/05 10:59:17 [notice] 1#1: worker process 30 exited with code 0
2023/12/05 10:59:17 [notice] 1#1: worker process 33 exited with code 0
2023/12/05 10:59:17 [notice] 1#1: worker process 34 exited with code 0
2023/12/05 10:59:17 [notice] 1#1: worker process 35 exited with code 0
2023/12/05 10:59:17 [notice] 1#1: worker process 36 exited with code 0
2023/12/05 10:59:17 [notice] 1#1: exit
2023/12/05 10:59:46 [notice] 1#1: using the "epoll" event method
2023/12/05 10:59:46 [notice] 1#1: nginx/1.25.3
2023/12/05 10:59:46 [notice] 1#1: built by gcc 12.2.1 20220924 (Alpine 12.2.1_git20220924-r10) 
2023/12/05 10:59:46 [notice] 1#1: OS: Linux 6.4.16-linuxkit
2023/12/05 10:59:46 [notice] 1#1: getrlimit(RLIMIT_NOFILE): 1048576:1048576
2023/12/05 10:59:46 [notice] 1#1: start worker processes
2023/12/05 10:59:46 [notice] 1#1: start worker process 28
2023/12/05 10:59:46 [notice] 1#1: start worker process 29
2023/12/05 10:59:46 [notice] 1#1: start worker process 30
2023/12/05 10:59:46 [notice] 1#1: start worker process 31
2023/12/05 10:59:46 [notice] 1#1: start worker process 32
2023/12/05 10:59:46 [notice] 1#1: start worker process 33
2023/12/05 10:59:46 [notice] 1#1: start worker process 34
2023/12/05 10:59:46 [notice] 1#1: start worker process 35
2023/12/05 11:03:17 [notice] 1#1: signal 3 (SIGQUIT) received, shutting down
2023/12/05 11:03:17 [notice] 28#28: gracefully shutting down
2023/12/05 11:03:17 [notice] 32#32: gracefully shutting down
2023/12/05 11:03:17 [notice] 29#29: gracefully shutting down
2023/12/05 11:03:17 [notice] 34#34: gracefully shutting down
2023/12/05 11:03:17 [notice] 31#31: gracefully shutting down
2023/12/05 11:03:17 [notice] 33#33: gracefully shutting down
2023/12/05 11:03:17 [notice] 33#33: exiting
2023/12/05 11:03:17 [notice] 35#35: gracefully shutting down
2023/12/05 11:03:17 [notice] 28#28: exiting
2023/12/05 11:03:17 [notice] 30#30: gracefully shutting down
2023/12/05 11:03:17 [notice] 32#32: exiting
2023/12/05 11:03:17 [notice] 29#29: exiting
2023/12/05 11:03:17 [notice] 34#34: exiting
2023/12/05 11:03:17 [notice] 31#31: exiting
2023/12/05 11:03:17 [notice] 33#33: exit
2023/12/05 11:03:17 [notice] 34#34: exit
2023/12/05 11:03:17 [notice] 35#35: exiting
2023/12/05 11:03:17 [notice] 28#28: exit
2023/12/05 11:03:17 [notice] 30#30: exiting
2023/12/05 11:03:17 [notice] 32#32: exit
2023/12/05 11:03:17 [notice] 29#29: exit
2023/12/05 11:03:17 [notice] 31#31: exit
2023/12/05 11:03:17 [notice] 35#35: exit
2023/12/05 11:03:17 [notice] 30#30: exit
2023/12/05 11:03:17 [notice] 1#1: signal 17 (SIGCHLD) received from 28
2023/12/05 11:03:17 [notice] 1#1: worker process 28 exited with code 0
2023/12/05 11:03:17 [notice] 1#1: signal 29 (SIGIO) received
2023/12/05 11:03:17 [notice] 1#1: signal 17 (SIGCHLD) received from 34
2023/12/05 11:03:17 [notice] 1#1: worker process 29 exited with code 0
2023/12/05 11:03:17 [notice] 1#1: worker process 31 exited with code 0
2023/12/05 11:03:17 [notice] 1#1: worker process 33 exited with code 0
2023/12/05 11:03:17 [notice] 1#1: worker process 34 exited with code 0
2023/12/05 11:03:17 [notice] 1#1: worker process 35 exited with code 0
2023/12/05 11:03:17 [notice] 1#1: signal 17 (SIGCHLD) received from 29
2023/12/05 11:03:17 [notice] 1#1: worker process 30 exited with code 0
2023/12/05 11:03:17 [notice] 1#1: worker process 32 exited with code 0
2023/12/05 11:03:17 [notice] 1#1: signal 17 (SIGCHLD) received from 30
2023/12/05 11:03:17 [notice] 1#1: exit
2023/12/05 11:03:36 [notice] 1#1: using the "epoll" event method
2023/12/05 11:03:36 [notice] 1#1: nginx/1.25.3
2023/12/05 11:03:36 [notice] 1#1: built by gcc 12.2.1 20220924 (Alpine 12.2.1_git20220924-r10) 
2023/12/05 11:03:36 [notice] 1#1: OS: Linux 6.4.16-linuxkit
2023/12/05 11:03:36 [notice] 1#1: getrlimit(RLIMIT_NOFILE): 1048576:1048576
2023/12/05 11:03:36 [notice] 1#1: start worker processes
2023/12/05 11:03:36 [notice] 1#1: start worker process 29
2023/12/05 11:03:36 [notice] 1#1: start worker process 30
2023/12/05 11:03:36 [notice] 1#1: start worker process 31
2023/12/05 11:03:36 [notice] 1#1: start worker process 32
2023/12/05 11:03:36 [notice] 1#1: start worker process 33
2023/12/05 11:03:36 [notice] 1#1: start worker process 34
2023/12/05 11:03:36 [notice] 1#1: start worker process 35
2023/12/05 11:03:36 [notice] 1#1: start worker process 36
2023/12/05 11:04:36 [notice] 1#1: signal 3 (SIGQUIT) received, shutting down
2023/12/05 11:04:36 [notice] 30#30: gracefully shutting down
2023/12/05 11:04:36 [notice] 30#30: exiting
2023/12/05 11:04:36 [notice] 32#32: gracefully shutting down
2023/12/05 11:04:36 [notice] 32#32: exiting
2023/12/05 11:04:36 [notice] 33#33: gracefully shutting down
2023/12/05 11:04:36 [notice] 34#34: gracefully shutting down
2023/12/05 11:04:36 [notice] 34#34: exiting
2023/12/05 11:04:36 [notice] 29#29: gracefully shutting down
2023/12/05 11:04:36 [notice] 29#29: exiting
2023/12/05 11:04:36 [notice] 36#36: gracefully shutting down
2023/12/05 11:04:36 [notice] 31#31: gracefully shutting down
2023/12/05 11:04:36 [notice] 31#31: exiting
2023/12/05 11:04:36 [notice] 35#35: gracefully shutting down
2023/12/05 11:04:36 [notice] 30#30: exit
2023/12/05 11:04:36 [notice] 32#32: exit
2023/12/05 11:04:36 [notice] 33#33: exiting
2023/12/05 11:04:36 [notice] 34#34: exit
2023/12/05 11:04:36 [notice] 29#29: exit
2023/12/05 11:04:36 [notice] 36#36: exiting
2023/12/05 11:04:36 [notice] 31#31: exit
2023/12/05 11:04:36 [notice] 35#35: exiting
2023/12/05 11:04:36 [notice] 33#33: exit
2023/12/05 11:04:36 [notice] 36#36: exit
2023/12/05 11:04:36 [notice] 35#35: exit
2023/12/05 11:04:36 [notice] 1#1: signal 17 (SIGCHLD) received from 32
2023/12/05 11:04:36 [notice] 1#1: worker process 29 exited with code 0
2023/12/05 11:04:36 [notice] 1#1: worker process 30 exited with code 0
2023/12/05 11:04:36 [notice] 1#1: worker process 32 exited with code 0
2023/12/05 11:04:36 [notice] 1#1: signal 29 (SIGIO) received
2023/12/05 11:04:36 [notice] 1#1: signal 17 (SIGCHLD) received from 36
2023/12/05 11:04:36 [notice] 1#1: worker process 36 exited with code 0
2023/12/05 11:04:36 [notice] 1#1: signal 29 (SIGIO) received
2023/12/05 11:04:36 [notice] 1#1: signal 17 (SIGCHLD) received from 34
2023/12/05 11:04:36 [notice] 1#1: worker process 31 exited with code 0
2023/12/05 11:04:36 [notice] 1#1: worker process 33 exited with code 0
2023/12/05 11:04:36 [notice] 1#1: worker process 34 exited with code 0
2023/12/05 11:04:36 [notice] 1#1: worker process 35 exited with code 0
2023/12/05 11:04:36 [notice] 1#1: exit
2023/12/05 11:06:05 [notice] 1#1: using the "epoll" event method
2023/12/05 11:06:05 [notice] 1#1: nginx/1.25.3
2023/12/05 11:06:05 [notice] 1#1: built by gcc 12.2.1 20220924 (Alpine 12.2.1_git20220924-r10) 
2023/12/05 11:06:05 [notice] 1#1: OS: Linux 6.4.16-linuxkit
2023/12/05 11:06:05 [notice] 1#1: getrlimit(RLIMIT_NOFILE): 1048576:1048576
2023/12/05 11:06:05 [notice] 1#1: start worker processes
2023/12/05 11:06:05 [notice] 1#1: start worker process 29
2023/12/05 11:06:05 [notice] 1#1: start worker process 30
2023/12/05 11:06:05 [notice] 1#1: start worker process 31
2023/12/05 11:06:05 [notice] 1#1: start worker process 32
2023/12/05 11:06:05 [notice] 1#1: start worker process 33
2023/12/05 11:06:05 [notice] 1#1: start worker process 34
2023/12/05 11:06:05 [notice] 1#1: start worker process 35
2023/12/05 11:06:05 [notice] 1#1: start worker process 36
2023/12/05 11:07:18 [notice] 1#1: signal 3 (SIGQUIT) received, shutting down
2023/12/05 11:07:18 [notice] 29#29: gracefully shutting down
2023/12/05 11:07:18 [notice] 32#32: gracefully shutting down
2023/12/05 11:07:18 [notice] 32#32: exiting
2023/12/05 11:07:18 [notice] 34#34: gracefully shutting down
2023/12/05 11:07:18 [notice] 34#34: exiting
2023/12/05 11:07:18 [notice] 30#30: gracefully shutting down
2023/12/05 11:07:18 [notice] 30#30: exiting
2023/12/05 11:07:18 [notice] 31#31: gracefully shutting down
2023/12/05 11:07:18 [notice] 33#33: gracefully shutting down
2023/12/05 11:07:18 [notice] 35#35: gracefully shutting down
2023/12/05 11:07:18 [notice] 33#33: exiting
2023/12/05 11:07:18 [notice] 36#36: gracefully shutting down
2023/12/05 11:07:18 [notice] 29#29: exiting
2023/12/05 11:07:18 [notice] 32#32: exit
2023/12/05 11:07:18 [notice] 33#33: exit
2023/12/05 11:07:18 [notice] 34#34: exit
2023/12/05 11:07:18 [notice] 30#30: exit
2023/12/05 11:07:18 [notice] 31#31: exiting
2023/12/05 11:07:18 [notice] 35#35: exiting
2023/12/05 11:07:18 [notice] 36#36: exiting
2023/12/05 11:07:18 [notice] 29#29: exit
2023/12/05 11:07:18 [notice] 31#31: exit
2023/12/05 11:07:18 [notice] 35#35: exit
2023/12/05 11:07:18 [notice] 36#36: exit
2023/12/05 11:07:18 [notice] 1#1: signal 17 (SIGCHLD) received from 32
2023/12/05 11:07:18 [notice] 1#1: worker process 32 exited with code 0
2023/12/05 11:07:18 [notice] 1#1: worker process 34 exited with code 0
2023/12/05 11:07:18 [notice] 1#1: signal 29 (SIGIO) received
2023/12/05 11:07:18 [notice] 1#1: signal 17 (SIGCHLD) received from 33
2023/12/05 11:07:18 [notice] 1#1: worker process 33 exited with code 0
2023/12/05 11:07:18 [notice] 1#1: worker process 30 exited with code 0
2023/12/05 11:07:18 [notice] 1#1: signal 29 (SIGIO) received
2023/12/05 11:07:18 [notice] 1#1: signal 17 (SIGCHLD) received from 30
2023/12/05 11:07:18 [notice] 1#1: signal 17 (SIGCHLD) received from 29
2023/12/05 11:07:18 [notice] 1#1: worker process 29 exited with code 0
2023/12/05 11:07:18 [notice] 1#1: worker process 31 exited with code 0
2023/12/05 11:07:18 [notice] 1#1: worker process 35 exited with code 0
2023/12/05 11:07:18 [notice] 1#1: worker process 36 exited with code 0
2023/12/05 11:07:18 [notice] 1#1: exit
2023/12/05 11:07:37 [notice] 1#1: using the "epoll" event method
2023/12/05 11:07:37 [notice] 1#1: nginx/1.25.3
2023/12/05 11:07:37 [notice] 1#1: built by gcc 12.2.1 20220924 (Alpine 12.2.1_git20220924-r10) 
2023/12/05 11:07:37 [notice] 1#1: OS: Linux 6.4.16-linuxkit
2023/12/05 11:07:37 [notice] 1#1: getrlimit(RLIMIT_NOFILE): 1048576:1048576
2023/12/05 11:07:37 [notice] 1#1: start worker processes
2023/12/05 11:07:37 [notice] 1#1: start worker process 29
2023/12/05 11:07:37 [notice] 1#1: start worker process 30
2023/12/05 11:07:37 [notice] 1#1: start worker process 31
2023/12/05 11:07:37 [notice] 1#1: start worker process 32
2023/12/05 11:07:37 [notice] 1#1: start worker process 33
2023/12/05 11:07:37 [notice] 1#1: start worker process 34
2023/12/05 11:07:37 [notice] 1#1: start worker process 35
2023/12/05 11:07:37 [notice] 1#1: start worker process 36
2023/12/05 11:12:36 [notice] 1#1: signal 3 (SIGQUIT) received, shutting down
2023/12/05 11:12:36 [notice] 34#34: gracefully shutting down
2023/12/05 11:12:36 [notice] 30#30: gracefully shutting down
2023/12/05 11:12:36 [notice] 31#31: gracefully shutting down
2023/12/05 11:12:36 [notice] 32#32: gracefully shutting down
2023/12/05 11:12:36 [notice] 29#29: gracefully shutting down
2023/12/05 11:12:36 [notice] 29#29: exiting
2023/12/05 11:12:36 [notice] 33#33: gracefully shutting down
2023/12/05 11:12:36 [notice] 35#35: gracefully shutting down
2023/12/05 11:12:36 [notice] 34#34: exiting
2023/12/05 11:12:36 [notice] 36#36: gracefully shutting down
2023/12/05 11:12:36 [notice] 30#30: exiting
2023/12/05 11:12:36 [notice] 30#30: exit
2023/12/05 11:12:36 [notice] 31#31: exiting
2023/12/05 11:12:36 [notice] 32#32: exiting
2023/12/05 11:12:36 [notice] 29#29: exit
2023/12/05 11:12:36 [notice] 33#33: exiting
2023/12/05 11:12:36 [notice] 33#33: exit
2023/12/05 11:12:36 [notice] 35#35: exiting
2023/12/05 11:12:36 [notice] 34#34: exit
2023/12/05 11:12:36 [notice] 35#35: exit
2023/12/05 11:12:36 [notice] 36#36: exiting
2023/12/05 11:12:36 [notice] 31#31: exit
2023/12/05 11:12:36 [notice] 32#32: exit
2023/12/05 11:12:36 [notice] 36#36: exit
2023/12/05 11:12:36 [notice] 1#1: signal 17 (SIGCHLD) received from 30
2023/12/05 11:12:36 [notice] 1#1: worker process 30 exited with code 0
2023/12/05 11:12:36 [notice] 1#1: signal 29 (SIGIO) received
2023/12/05 11:12:36 [notice] 1#1: signal 17 (SIGCHLD) received from 29
2023/12/05 11:12:36 [notice] 1#1: worker process 29 exited with code 0
2023/12/05 11:12:36 [notice] 1#1: signal 29 (SIGIO) received
2023/12/05 11:12:36 [notice] 1#1: signal 17 (SIGCHLD) received from 33
2023/12/05 11:12:36 [notice] 1#1: worker process 31 exited with code 0
2023/12/05 11:12:36 [notice] 1#1: worker process 33 exited with code 0
2023/12/05 11:12:36 [notice] 1#1: worker process 35 exited with code 0
2023/12/05 11:12:36 [notice] 1#1: signal 29 (SIGIO) received
2023/12/05 11:12:36 [notice] 1#1: signal 17 (SIGCHLD) received from 35
2023/12/05 11:12:36 [notice] 1#1: signal 17 (SIGCHLD) received from 32
2023/12/05 11:12:36 [notice] 1#1: worker process 32 exited with code 0
2023/12/05 11:12:36 [notice] 1#1: worker process 34 exited with code 0
2023/12/05 11:12:36 [notice] 1#1: signal 29 (SIGIO) received
2023/12/05 11:12:36 [notice] 1#1: signal 17 (SIGCHLD) received from 34
2023/12/05 11:12:36 [notice] 1#1: signal 17 (SIGCHLD) received from 36
2023/12/05 11:12:36 [notice] 1#1: worker process 36 exited with code 0
2023/12/05 11:12:36 [notice] 1#1: exit
2023/12/05 11:12:55 [notice] 1#1: using the "epoll" event method
2023/12/05 11:12:55 [notice] 1#1: nginx/1.25.3
2023/12/05 11:12:55 [notice] 1#1: built by gcc 12.2.1 20220924 (Alpine 12.2.1_git20220924-r10) 
2023/12/05 11:12:55 [notice] 1#1: OS: Linux 6.4.16-linuxkit
2023/12/05 11:12:55 [notice] 1#1: getrlimit(RLIMIT_NOFILE): 1048576:1048576
2023/12/05 11:12:55 [notice] 1#1: start worker processes
2023/12/05 11:12:55 [notice] 1#1: start worker process 29
2023/12/05 11:12:55 [notice] 1#1: start worker process 30
2023/12/05 11:12:55 [notice] 1#1: start worker process 31
2023/12/05 11:12:55 [notice] 1#1: start worker process 32
2023/12/05 11:12:55 [notice] 1#1: start worker process 33
2023/12/05 11:12:55 [notice] 1#1: start worker process 34
2023/12/05 11:12:55 [notice] 1#1: start worker process 35
2023/12/05 11:12:55 [notice] 1#1: start worker process 36
2023/12/05 11:13:59 [notice] 1#1: signal 3 (SIGQUIT) received, shutting down
2023/12/05 11:13:59 [notice] 33#33: gracefully shutting down
2023/12/05 11:13:59 [notice] 29#29: gracefully shutting down
2023/12/05 11:13:59 [notice] 34#34: gracefully shutting down
2023/12/05 11:13:59 [notice] 34#34: exiting
2023/12/05 11:13:59 [notice] 32#32: gracefully shutting down
2023/12/05 11:13:59 [notice] 32#32: exiting
2023/12/05 11:13:59 [notice] 30#30: gracefully shutting down
2023/12/05 11:13:59 [notice] 31#31: gracefully shutting down
2023/12/05 11:13:59 [notice] 31#31: exiting
2023/12/05 11:13:59 [notice] 35#35: gracefully shutting down
2023/12/05 11:13:59 [notice] 36#36: gracefully shutting down
2023/12/05 11:13:59 [notice] 33#33: exiting
2023/12/05 11:13:59 [notice] 29#29: exiting
2023/12/05 11:13:59 [notice] 33#33: exit
2023/12/05 11:13:59 [notice] 34#34: exit
2023/12/05 11:13:59 [notice] 32#32: exit
2023/12/05 11:13:59 [notice] 30#30: exiting
2023/12/05 11:13:59 [notice] 30#30: exit
2023/12/05 11:13:59 [notice] 31#31: exit
2023/12/05 11:13:59 [notice] 35#35: exiting
2023/12/05 11:13:59 [notice] 36#36: exiting
2023/12/05 11:13:59 [notice] 29#29: exit
2023/12/05 11:13:59 [notice] 35#35: exit
2023/12/05 11:13:59 [notice] 36#36: exit
2023/12/05 11:13:59 [notice] 1#1: signal 17 (SIGCHLD) received from 34
2023/12/05 11:13:59 [notice] 1#1: worker process 34 exited with code 0
2023/12/05 11:13:59 [notice] 1#1: signal 29 (SIGIO) received
2023/12/05 11:13:59 [notice] 1#1: signal 17 (SIGCHLD) received from 33
2023/12/05 11:13:59 [notice] 1#1: worker process 32 exited with code 0
2023/12/05 11:13:59 [notice] 1#1: worker process 30 exited with code 0
2023/12/05 11:13:59 [notice] 1#1: worker process 33 exited with code 0
2023/12/05 11:13:59 [notice] 1#1: signal 29 (SIGIO) received
2023/12/05 11:13:59 [notice] 1#1: signal 17 (SIGCHLD) received from 32
2023/12/05 11:13:59 [notice] 1#1: signal 17 (SIGCHLD) received from 29
2023/12/05 11:13:59 [notice] 1#1: worker process 29 exited with code 0
2023/12/05 11:13:59 [notice] 1#1: signal 29 (SIGIO) received
2023/12/05 11:13:59 [notice] 1#1: signal 17 (SIGCHLD) received from 31
2023/12/05 11:13:59 [notice] 1#1: worker process 31 exited with code 0
2023/12/05 11:13:59 [notice] 1#1: worker process 35 exited with code 0
2023/12/05 11:13:59 [notice] 1#1: worker process 36 exited with code 0
2023/12/05 11:13:59 [notice] 1#1: exit
2023/12/05 11:14:18 [notice] 1#1: using the "epoll" event method
2023/12/05 11:14:18 [notice] 1#1: nginx/1.25.3
2023/12/05 11:14:18 [notice] 1#1: built by gcc 12.2.1 20220924 (Alpine 12.2.1_git20220924-r10) 
2023/12/05 11:14:18 [notice] 1#1: OS: Linux 6.4.16-linuxkit
2023/12/05 11:14:18 [notice] 1#1: getrlimit(RLIMIT_NOFILE): 1048576:1048576
2023/12/05 11:14:18 [notice] 1#1: start worker processes
2023/12/05 11:14:18 [notice] 1#1: start worker process 29
2023/12/05 11:14:18 [notice] 1#1: start worker process 30
2023/12/05 11:14:18 [notice] 1#1: start worker process 31
2023/12/05 11:14:18 [notice] 1#1: start worker process 32
2023/12/05 11:14:18 [notice] 1#1: start worker process 33
2023/12/05 11:14:18 [notice] 1#1: start worker process 34
2023/12/05 11:14:18 [notice] 1#1: start worker process 35
2023/12/05 11:14:18 [notice] 1#1: start worker process 36
2023/12/05 11:15:49 [notice] 1#1: signal 3 (SIGQUIT) received, shutting down
2023/12/05 11:15:49 [notice] 31#31: gracefully shutting down
2023/12/05 11:15:49 [notice] 31#31: exiting
2023/12/05 11:15:49 [notice] 32#32: gracefully shutting down
2023/12/05 11:15:49 [notice] 32#32: exiting
2023/12/05 11:15:49 [notice] 35#35: gracefully shutting down
2023/12/05 11:15:49 [notice] 35#35: exiting
2023/12/05 11:15:49 [notice] 29#29: gracefully shutting down
2023/12/05 11:15:49 [notice] 36#36: gracefully shutting down
2023/12/05 11:15:49 [notice] 33#33: gracefully shutting down
2023/12/05 11:15:49 [notice] 30#30: gracefully shutting down
2023/12/05 11:15:49 [notice] 34#34: gracefully shutting down
2023/12/05 11:15:49 [notice] 31#31: exit
2023/12/05 11:15:49 [notice] 32#32: exit
2023/12/05 11:15:49 [notice] 35#35: exit
2023/12/05 11:15:49 [notice] 29#29: exiting
2023/12/05 11:15:49 [notice] 36#36: exiting
2023/12/05 11:15:49 [notice] 29#29: exit
2023/12/05 11:15:49 [notice] 33#33: exiting
2023/12/05 11:15:49 [notice] 30#30: exiting
2023/12/05 11:15:49 [notice] 34#34: exiting
2023/12/05 11:15:49 [notice] 36#36: exit
2023/12/05 11:15:49 [notice] 33#33: exit
2023/12/05 11:15:49 [notice] 30#30: exit
2023/12/05 11:15:49 [notice] 34#34: exit
2023/12/05 11:15:49 [notice] 1#1: signal 17 (SIGCHLD) received from 32
2023/12/05 11:15:49 [notice] 1#1: worker process 31 exited with code 0
2023/12/05 11:15:49 [notice] 1#1: worker process 32 exited with code 0
2023/12/05 11:15:49 [notice] 1#1: worker process 35 exited with code 0
2023/12/05 11:15:49 [notice] 1#1: signal 29 (SIGIO) received
2023/12/05 11:15:49 [notice] 1#1: signal 17 (SIGCHLD) received from 31
2023/12/05 11:15:49 [notice] 1#1: signal 17 (SIGCHLD) received from 30
2023/12/05 11:15:49 [notice] 1#1: worker process 29 exited with code 0
2023/12/05 11:15:49 [notice] 1#1: worker process 30 exited with code 0
2023/12/05 11:15:49 [notice] 1#1: signal 29 (SIGIO) received
2023/12/05 11:15:49 [notice] 1#1: signal 17 (SIGCHLD) received from 29
2023/12/05 11:15:49 [notice] 1#1: signal 17 (SIGCHLD) received from 34
2023/12/05 11:15:49 [notice] 1#1: worker process 34 exited with code 0
2023/12/05 11:15:49 [notice] 1#1: worker process 36 exited with code 0
2023/12/05 11:15:49 [notice] 1#1: signal 29 (SIGIO) received
2023/12/05 11:15:49 [notice] 1#1: signal 17 (SIGCHLD) received from 33
2023/12/05 11:15:49 [notice] 1#1: worker process 33 exited with code 0
2023/12/05 11:15:49 [notice] 1#1: exit
2023/12/05 11:16:06 [notice] 1#1: using the "epoll" event method
2023/12/05 11:16:06 [notice] 1#1: nginx/1.25.3
2023/12/05 11:16:06 [notice] 1#1: built by gcc 12.2.1 20220924 (Alpine 12.2.1_git20220924-r10) 
2023/12/05 11:16:06 [notice] 1#1: OS: Linux 6.4.16-linuxkit
2023/12/05 11:16:06 [notice] 1#1: getrlimit(RLIMIT_NOFILE): 1048576:1048576
2023/12/05 11:16:06 [notice] 1#1: start worker processes
2023/12/05 11:16:06 [notice] 1#1: start worker process 28
2023/12/05 11:16:06 [notice] 1#1: start worker process 29
2023/12/05 11:16:06 [notice] 1#1: start worker process 30
2023/12/05 11:16:06 [notice] 1#1: start worker process 31
2023/12/05 11:16:06 [notice] 1#1: start worker process 32
2023/12/05 11:16:06 [notice] 1#1: start worker process 33
2023/12/05 11:16:06 [notice] 1#1: start worker process 34
2023/12/05 11:16:06 [notice] 1#1: start worker process 35
2023/12/05 11:20:23 [notice] 1#1: signal 3 (SIGQUIT) received, shutting down
2023/12/05 11:20:23 [notice] 29#29: gracefully shutting down
2023/12/05 11:20:23 [notice] 29#29: exiting
2023/12/05 11:20:23 [notice] 28#28: gracefully shutting down
2023/12/05 11:20:23 [notice] 30#30: gracefully shutting down
2023/12/05 11:20:23 [notice] 32#32: gracefully shutting down
2023/12/05 11:20:23 [notice] 32#32: exiting
2023/12/05 11:20:23 [notice] 33#33: gracefully shutting down
2023/12/05 11:20:23 [notice] 34#34: gracefully shutting down
2023/12/05 11:20:23 [notice] 31#31: gracefully shutting down
2023/12/05 11:20:23 [notice] 35#35: gracefully shutting down
2023/12/05 11:20:23 [notice] 29#29: exit
2023/12/05 11:20:23 [notice] 28#28: exiting
2023/12/05 11:20:23 [notice] 30#30: exiting
2023/12/05 11:20:23 [notice] 32#32: exit
2023/12/05 11:20:23 [notice] 33#33: exiting
2023/12/05 11:20:23 [notice] 33#33: exit
2023/12/05 11:20:23 [notice] 34#34: exiting
2023/12/05 11:20:23 [notice] 31#31: exiting
2023/12/05 11:20:23 [notice] 35#35: exiting
2023/12/05 11:20:23 [notice] 28#28: exit
2023/12/05 11:20:23 [notice] 30#30: exit
2023/12/05 11:20:23 [notice] 34#34: exit
2023/12/05 11:20:23 [notice] 31#31: exit
2023/12/05 11:20:23 [notice] 35#35: exit
2023/12/05 11:20:23 [notice] 1#1: signal 17 (SIGCHLD) received from 34
2023/12/05 11:20:23 [notice] 1#1: worker process 34 exited with code 0
2023/12/05 11:20:23 [notice] 1#1: signal 29 (SIGIO) received
2023/12/05 11:20:23 [notice] 1#1: signal 17 (SIGCHLD) received from 32
2023/12/05 11:20:23 [notice] 1#1: worker process 28 exited with code 0
2023/12/05 11:20:23 [notice] 1#1: worker process 29 exited with code 0
2023/12/05 11:20:23 [notice] 1#1: worker process 31 exited with code 0
2023/12/05 11:20:23 [notice] 1#1: worker process 32 exited with code 0
2023/12/05 11:20:23 [notice] 1#1: worker process 35 exited with code 0
2023/12/05 11:20:23 [notice] 1#1: signal 29 (SIGIO) received
2023/12/05 11:20:23 [notice] 1#1: signal 17 (SIGCHLD) received from 28
2023/12/05 11:20:23 [notice] 1#1: signal 17 (SIGCHLD) received from 30
2023/12/05 11:20:23 [notice] 1#1: worker process 30 exited with code 0
2023/12/05 11:20:23 [notice] 1#1: worker process 33 exited with code 0
2023/12/05 11:20:23 [notice] 1#1: exit
2023/12/05 11:20:43 [notice] 1#1: using the "epoll" event method
2023/12/05 11:20:43 [notice] 1#1: nginx/1.25.3
2023/12/05 11:20:43 [notice] 1#1: built by gcc 12.2.1 20220924 (Alpine 12.2.1_git20220924-r10) 
2023/12/05 11:20:43 [notice] 1#1: OS: Linux 6.4.16-linuxkit
2023/12/05 11:20:43 [notice] 1#1: getrlimit(RLIMIT_NOFILE): 1048576:1048576
2023/12/05 11:20:43 [notice] 1#1: start worker processes
2023/12/05 11:20:43 [notice] 1#1: start worker process 28
2023/12/05 11:20:43 [notice] 1#1: start worker process 29
2023/12/05 11:20:43 [notice] 1#1: start worker process 30
2023/12/05 11:20:43 [notice] 1#1: start worker process 31
2023/12/05 11:20:43 [notice] 1#1: start worker process 32
2023/12/05 11:20:43 [notice] 1#1: start worker process 33
2023/12/05 11:20:43 [notice] 1#1: start worker process 34
2023/12/05 11:20:43 [notice] 1#1: start worker process 35
2023/12/05 11:26:25 [notice] 1#1: signal 3 (SIGQUIT) received, shutting down
2023/12/05 11:26:25 [notice] 29#29: gracefully shutting down
2023/12/05 11:26:25 [notice] 28#28: gracefully shutting down
2023/12/05 11:26:25 [notice] 31#31: gracefully shutting down
2023/12/05 11:26:25 [notice] 32#32: gracefully shutting down
2023/12/05 11:26:25 [notice] 34#34: gracefully shutting down
2023/12/05 11:26:25 [notice] 35#35: gracefully shutting down
2023/12/05 11:26:25 [notice] 35#35: exiting
2023/12/05 11:26:25 [notice] 29#29: exiting
2023/12/05 11:26:25 [notice] 30#30: gracefully shutting down
2023/12/05 11:26:25 [notice] 29#29: exit
2023/12/05 11:26:25 [notice] 30#30: exiting
2023/12/05 11:26:25 [notice] 33#33: gracefully shutting down
2023/12/05 11:26:25 [notice] 33#33: exiting
2023/12/05 11:26:25 [notice] 28#28: exiting
2023/12/05 11:26:25 [notice] 31#31: exiting
2023/12/05 11:26:25 [notice] 32#32: exiting
2023/12/05 11:26:25 [notice] 34#34: exiting
2023/12/05 11:26:25 [notice] 35#35: exit
2023/12/05 11:26:25 [notice] 30#30: exit
2023/12/05 11:26:25 [notice] 33#33: exit
2023/12/05 11:26:25 [notice] 34#34: exit
2023/12/05 11:26:25 [notice] 28#28: exit
2023/12/05 11:26:25 [notice] 31#31: exit
2023/12/05 11:26:25 [notice] 32#32: exit
2023/12/05 11:26:25 [notice] 1#1: signal 17 (SIGCHLD) received from 29
2023/12/05 11:26:25 [notice] 1#1: worker process 29 exited with code 0
2023/12/05 11:26:25 [notice] 1#1: signal 29 (SIGIO) received
2023/12/05 11:26:25 [notice] 1#1: signal 17 (SIGCHLD) received from 30
2023/12/05 11:26:25 [notice] 1#1: worker process 30 exited with code 0
2023/12/05 11:26:25 [notice] 1#1: signal 29 (SIGIO) received
2023/12/05 11:26:25 [notice] 1#1: signal 17 (SIGCHLD) received from 35
2023/12/05 11:26:25 [notice] 1#1: worker process 33 exited with code 0
2023/12/05 11:26:25 [notice] 1#1: worker process 35 exited with code 0
2023/12/05 11:26:25 [notice] 1#1: signal 29 (SIGIO) received
2023/12/05 11:26:25 [notice] 1#1: signal 17 (SIGCHLD) received from 33
2023/12/05 11:26:25 [notice] 1#1: signal 17 (SIGCHLD) received from 34
2023/12/05 11:26:25 [notice] 1#1: worker process 34 exited with code 0
2023/12/05 11:26:25 [notice] 1#1: signal 29 (SIGIO) received
2023/12/05 11:26:25 [notice] 1#1: signal 17 (SIGCHLD) received from 28
2023/12/05 11:26:25 [notice] 1#1: worker process 28 exited with code 0
2023/12/05 11:26:25 [notice] 1#1: worker process 31 exited with code 0
2023/12/05 11:26:25 [notice] 1#1: worker process 32 exited with code 0
2023/12/05 11:26:25 [notice] 1#1: exit
2023/12/05 11:26:46 [notice] 1#1: using the "epoll" event method
2023/12/05 11:26:46 [notice] 1#1: nginx/1.25.3
2023/12/05 11:26:46 [notice] 1#1: built by gcc 12.2.1 20220924 (Alpine 12.2.1_git20220924-r10) 
2023/12/05 11:26:46 [notice] 1#1: OS: Linux 6.4.16-linuxkit
2023/12/05 11:26:46 [notice] 1#1: getrlimit(RLIMIT_NOFILE): 1048576:1048576
2023/12/05 11:26:46 [notice] 1#1: start worker processes
2023/12/05 11:26:46 [notice] 1#1: start worker process 29
2023/12/05 11:26:46 [notice] 1#1: start worker process 30
2023/12/05 11:26:46 [notice] 1#1: start worker process 31
2023/12/05 11:26:46 [notice] 1#1: start worker process 32
2023/12/05 11:26:46 [notice] 1#1: start worker process 33
2023/12/05 11:26:46 [notice] 1#1: start worker process 34
2023/12/05 11:26:46 [notice] 1#1: start worker process 35
2023/12/05 11:26:46 [notice] 1#1: start worker process 36
2023/12/05 11:33:40 [notice] 1#1: signal 3 (SIGQUIT) received, shutting down
2023/12/05 11:33:40 [notice] 29#29: gracefully shutting down
2023/12/05 11:33:40 [notice] 30#30: gracefully shutting down
2023/12/05 11:33:40 [notice] 34#34: gracefully shutting down
2023/12/05 11:33:40 [notice] 34#34: exiting
2023/12/05 11:33:40 [notice] 31#31: gracefully shutting down
2023/12/05 11:33:40 [notice] 31#31: exiting
2023/12/05 11:33:40 [notice] 33#33: gracefully shutting down
2023/12/05 11:33:40 [notice] 35#35: gracefully shutting down
2023/12/05 11:33:40 [notice] 29#29: exiting
2023/12/05 11:33:40 [notice] 36#36: gracefully shutting down
2023/12/05 11:33:40 [notice] 36#36: exiting
2023/12/05 11:33:40 [notice] 32#32: gracefully shutting down
2023/12/05 11:33:40 [notice] 32#32: exiting
2023/12/05 11:33:40 [notice] 30#30: exiting
2023/12/05 11:33:40 [notice] 34#34: exit
2023/12/05 11:33:40 [notice] 30#30: exit
2023/12/05 11:33:40 [notice] 31#31: exit
2023/12/05 11:33:40 [notice] 33#33: exiting
2023/12/05 11:33:40 [notice] 35#35: exiting
2023/12/05 11:33:40 [notice] 29#29: exit
2023/12/05 11:33:40 [notice] 36#36: exit
2023/12/05 11:33:40 [notice] 32#32: exit
2023/12/05 11:33:40 [notice] 33#33: exit
2023/12/05 11:33:40 [notice] 35#35: exit
2023/12/05 11:33:40 [notice] 1#1: signal 17 (SIGCHLD) received from 34
2023/12/05 11:33:40 [notice] 1#1: worker process 30 exited with code 0
2023/12/05 11:33:40 [notice] 1#1: worker process 34 exited with code 0
2023/12/05 11:33:40 [notice] 1#1: worker process 31 exited with code 0
2023/12/05 11:33:40 [notice] 1#1: signal 29 (SIGIO) received
2023/12/05 11:33:40 [notice] 1#1: signal 17 (SIGCHLD) received from 30
2023/12/05 11:33:40 [notice] 1#1: signal 17 (SIGCHLD) received from 29
2023/12/05 11:33:40 [notice] 1#1: worker process 29 exited with code 0
2023/12/05 11:33:40 [notice] 1#1: signal 29 (SIGIO) received
2023/12/05 11:33:40 [notice] 1#1: signal 17 (SIGCHLD) received from 36
2023/12/05 11:33:40 [notice] 1#1: worker process 36 exited with code 0
2023/12/05 11:33:40 [notice] 1#1: signal 29 (SIGIO) received
2023/12/05 11:33:40 [notice] 1#1: signal 17 (SIGCHLD) received from 32
2023/12/05 11:33:40 [notice] 1#1: worker process 32 exited with code 0
2023/12/05 11:33:40 [notice] 1#1: worker process 33 exited with code 0
2023/12/05 11:33:40 [notice] 1#1: signal 29 (SIGIO) received
2023/12/05 11:33:40 [notice] 1#1: signal 17 (SIGCHLD) received from 35
2023/12/05 11:33:40 [notice] 1#1: worker process 35 exited with code 0
2023/12/05 11:33:40 [notice] 1#1: exit
2023/12/05 11:34:00 [notice] 1#1: using the "epoll" event method
2023/12/05 11:34:00 [notice] 1#1: nginx/1.25.3
2023/12/05 11:34:00 [notice] 1#1: built by gcc 12.2.1 20220924 (Alpine 12.2.1_git20220924-r10) 
2023/12/05 11:34:00 [notice] 1#1: OS: Linux 6.4.16-linuxkit
2023/12/05 11:34:00 [notice] 1#1: getrlimit(RLIMIT_NOFILE): 1048576:1048576
2023/12/05 11:34:00 [notice] 1#1: start worker processes
2023/12/05 11:34:00 [notice] 1#1: start worker process 29
2023/12/05 11:34:00 [notice] 1#1: start worker process 30
2023/12/05 11:34:00 [notice] 1#1: start worker process 31
2023/12/05 11:34:00 [notice] 1#1: start worker process 32
2023/12/05 11:34:00 [notice] 1#1: start worker process 33
2023/12/05 11:34:00 [notice] 1#1: start worker process 34
2023/12/05 11:34:00 [notice] 1#1: start worker process 35
2023/12/05 11:34:00 [notice] 1#1: start worker process 36
2023/12/05 11:45:43 [notice] 1#1: signal 3 (SIGQUIT) received, shutting down
2023/12/05 11:45:43 [notice] 34#34: gracefully shutting down
2023/12/05 11:45:43 [notice] 34#34: exiting
2023/12/05 11:45:43 [notice] 30#30: gracefully shutting down
2023/12/05 11:45:43 [notice] 35#35: gracefully shutting down
2023/12/05 11:45:43 [notice] 30#30: exiting
2023/12/05 11:45:43 [notice] 31#31: gracefully shutting down
2023/12/05 11:45:43 [notice] 35#35: exiting
2023/12/05 11:45:43 [notice] 35#35: exit
2023/12/05 11:45:43 [notice] 29#29: gracefully shutting down
2023/12/05 11:45:43 [notice] 33#33: gracefully shutting down
2023/12/05 11:45:43 [notice] 32#32: gracefully shutting down
2023/12/05 11:45:43 [notice] 29#29: exiting
2023/12/05 11:45:43 [notice] 36#36: gracefully shutting down
2023/12/05 11:45:43 [notice] 32#32: exiting
2023/12/05 11:45:43 [notice] 34#34: exit
2023/12/05 11:45:43 [notice] 32#32: exit
2023/12/05 11:45:43 [notice] 30#30: exit
2023/12/05 11:45:43 [notice] 31#31: exiting
2023/12/05 11:45:43 [notice] 31#31: exit
2023/12/05 11:45:43 [notice] 33#33: exiting
2023/12/05 11:45:43 [notice] 29#29: exit
2023/12/05 11:45:43 [notice] 36#36: exiting
2023/12/05 11:45:43 [notice] 33#33: exit
2023/12/05 11:45:43 [notice] 36#36: exit
2023/12/05 11:45:43 [notice] 1#1: signal 17 (SIGCHLD) received from 32
2023/12/05 11:45:43 [notice] 1#1: worker process 32 exited with code 0
2023/12/05 11:45:43 [notice] 1#1: worker process 35 exited with code 0
2023/12/05 11:45:43 [notice] 1#1: signal 29 (SIGIO) received
2023/12/05 11:45:43 [notice] 1#1: signal 17 (SIGCHLD) received from 34
2023/12/05 11:45:43 [notice] 1#1: worker process 30 exited with code 0
2023/12/05 11:45:43 [notice] 1#1: worker process 34 exited with code 0
2023/12/05 11:45:43 [notice] 1#1: signal 29 (SIGIO) received
2023/12/05 11:45:43 [notice] 1#1: signal 17 (SIGCHLD) received from 31
2023/12/05 11:45:43 [notice] 1#1: worker process 31 exited with code 0
2023/12/05 11:45:43 [notice] 1#1: signal 29 (SIGIO) received
2023/12/05 11:45:43 [notice] 1#1: signal 17 (SIGCHLD) received from 29
2023/12/05 11:45:43 [notice] 1#1: worker process 29 exited with code 0
2023/12/05 11:45:43 [notice] 1#1: signal 29 (SIGIO) received
2023/12/05 11:45:43 [notice] 1#1: signal 17 (SIGCHLD) received from 33
2023/12/05 11:45:43 [notice] 1#1: worker process 33 exited with code 0
2023/12/05 11:45:43 [notice] 1#1: worker process 36 exited with code 0
2023/12/05 11:45:43 [notice] 1#1: exit
